Mplus VERSION 8.8
MUTHEN & MUTHEN
04/24/2023   9:23 AM

INPUT INSTRUCTIONS

  !!!!!!!!!!!!!!!!!!!!!!!!!!!!!!!! MPLUS ONLY READS 90 CHARACTERS ACROSS !!!!!!!!!!!!!!!!!!

  TITLE:  Mplus Example 6a Single-Group Path Model with Indirect Effects
  DATA:   FILE = Mindful.csv;     ! Can just list file name if data are in same folder
          FORMAT = free;          ! FREE (default) or FIXED format
          TYPE = individual;      ! Individual (default) or matrix data as input
  VARIABLE:
  ! Names of all variables in data set
    NAMES = ID SexMW MindC Intern Extern Hostile Benev Warmth;
  ! Names of all variables in model
    USEVARIABLES = MindC Intern Extern Hostile Benev Warmth;
  ! Missing data indicator
    MISSING = ALL(-999);

  ANALYSIS:   TYPE = GENERAL;          ! For path models
              ESTIMATOR = MLR;         ! Robust ML (cannot use with bootstrapping)
              !BOOTSTRAP IS 1000;      ! Bootstrapping for indirect effects
  OUTPUT:     STDYX;                   ! Standardized solution
              !MODINDICES (3.84);      ! Cheat codes to improve model fit (not with CONSTRAI
              CINTERVAL;               ! Confidence interval for indirect effects
              !CINTERVAL(BCBOOTSTRAP); ! Bootstrap CI for indirect effects (not with MLR)

  ! Model code: ON = Y ON X, WITH = covariance
  ! Labels in parentheses (can be used to name constraints between groups)
  MODEL:
  ! Bring X into the likelihood by estimating its mean and variance in empty model
    [MindC] (Xint); MindC (Xvar);
  ! Intercepts and residual variances for other variables
    [Intern Extern Hostile Benev Warmth] (M1int M2int M3int M4int Yint);
     Intern Extern Hostile Benev Warmth  (M1var M2var M3var M4var Yvar);
  ! Direct MindC --> Warmth
    Warmth ON MindC (XtoY);
  ! Left side of model
    Intern Extern Hostile Benev  ON MindC (XtoM1 XtoM2 XtoM3 XtoM4);
  ! Right side of model
    Warmth ON Intern Extern Hostile Benev (M1toY M2toY M3toY M4toY);
  ! All possible residual covariances among mediator variables (not labeled)
    Intern Extern Hostile Benev WITH Intern Extern Hostile Benev;

  ! First list newly created parameters to be defined below
  MODEL CONSTRAINT:
    NEW (XtoM1toY XtoM2toY XtoM3toY XtoM4toY totXtoY totInd);
  ! Then define indirect effects, total indirect+direct, and total indirect effects
  ! (as done for you here using MODEL INDIRECT below, which is not always possible to use)
    XtoM1toY = XtoM1*M1toY; XtoM2toY = XtoM2*M2toY;
    XtoM3toY = XtoM3*M3toY; XtoM4toY = XtoM4*M4toY;
    totInd   = XtoM1toY + XtoM2toY + XtoM3toY + XtoM4toY;
    totXtoY  = XtoM1toY + XtoM2toY + XtoM3toY + XtoM4toY + XtoY;

  ! Get all indirect and total effects between Y IND X
  MODEL INDIRECT: ! Only available for MVN outcomes
    Warmth IND MindC;



*** WARNING
  Input line exceeded 90 characters. Some input may be truncated.
              !MODINDICES (3.84);      ! Cheat codes to improve model fit (not with CONSTRAIN
   1 WARNING(S) FOUND IN THE INPUT INSTRUCTIONS



Mplus Example 6a Single-Group Path Model with Indirect Effects

SUMMARY OF ANALYSIS

Number of groups                                                 1
Number of observations                                         653

Number of dependent variables                                    5
Number of independent variables                                  1
Number of continuous latent variables                            0

Observed dependent variables

  Continuous
   INTERN      EXTERN      HOSTILE     BENEV       WARMTH

Observed independent variables
   MINDC


Estimator                                                      MLR
Information matrix                                        OBSERVED
Maximum number of iterations                                  1000
Convergence criterion                                    0.500D-04
Maximum number of steepest descent iterations                   20
Maximum number of iterations for H1                           2000
Convergence criterion for H1                             0.100D-03

Input data file(s)
  Mindful.csv

Input data format  FREE


SUMMARY OF DATA

     Number of missing data patterns             3


COVARIANCE COVERAGE OF DATA

Minimum covariance coverage value   0.100


     PROPORTION OF DATA PRESENT


           Covariance Coverage
              INTERN        EXTERN        HOSTILE       BENEV         WARMTH
              ________      ________      ________      ________      ________
 INTERN         1.000
 EXTERN         0.995         0.995
 HOSTILE        1.000         0.995         1.000
 BENEV          1.000         0.995         1.000         1.000
 WARMTH         0.991         0.986         0.991         0.991         0.991
 MINDC          1.000         0.995         1.000         1.000         0.991


           Covariance Coverage
              MINDC
              ________
 MINDC          1.000



UNIVARIATE SAMPLE STATISTICS


     UNIVARIATE HIGHER-ORDER MOMENT DESCRIPTIVE STATISTICS

         Variable/         Mean/     Skewness/   Minimum/ % with                Percentiles
        Sample Size      Variance    Kurtosis    Maximum  Min/Max      20%/60%    40%/80%    Median

     INTERN                5.251      -0.564       1.000    0.15%       4.000      5.000      5.400
             653.000       1.751      -0.363       7.000   11.79%       5.800      6.600
     EXTERN                4.102      -0.114       1.000    1.08%       3.200      4.000      4.000
             650.000       1.475      -0.036       7.000    1.08%       4.400      5.000
     HOSTILE               3.906       0.231       1.364    0.15%       3.273      3.727      3.909
             653.000       0.711       0.866       6.818    0.15%       4.091      4.455
     BENEV                 4.065      -0.078       1.455    0.31%       3.455      3.818      4.000
             653.000       0.623       0.441       6.364    0.15%       4.273      4.727
     WARMTH                6.602      -0.207       1.000    2.94%       4.500      6.000      6.500
             647.000       5.894      -0.395      11.000    5.26%       7.000      9.000
     MINDC                 0.835      -0.285      -0.857    0.15%       0.500      0.714      0.786
             653.000       0.195       0.428       2.000    0.15%       0.929      1.214


THE MODEL ESTIMATION TERMINATED NORMALLY



MODEL FIT INFORMATION

Number of Free Parameters                       27

Loglikelihood

          H0 Value                       -5410.773
          H0 Scaling Correction Factor      1.0785
            for MLR
          H1 Value                       -5410.773
          H1 Scaling Correction Factor      1.0785
            for MLR

Information Criteria

          Akaike (AIC)                   10875.545
          Bayesian (BIC)                 10996.548
          Sample-Size Adjusted BIC       10910.823
            (n* = (n + 2) / 24)

Chi-Square Test of Model Fit

          Value                              0.000*
          Degrees of Freedom                     0
          P-Value                           0.0000
          Scaling Correction Factor         1.0000
            for MLR

*   The chi-square value for MLM, MLMV, MLR, ULSMV, WLSM and WLSMV cannot be used
    for chi-square difference testing in the regular way.  MLM, MLR and WLSM
    chi-square difference testing is described on the Mplus website.  MLMV, WLSMV,
    and ULSMV difference testing is done using the DIFFTEST option.

RMSEA (Root Mean Square Error Of Approximation)

          Estimate                           0.000
          90 Percent C.I.                    0.000  0.000
          Probability RMSEA <= .05           0.000

CFI/TLI

          CFI                                1.000
          TLI                                1.000

Chi-Square Test of Model Fit for the Baseline Model

          Value                            396.088
          Degrees of Freedom                    15
          P-Value                           0.0000

SRMR (Standardized Root Mean Square Residual)

          Value                              0.000



MODEL RESULTS

                                                    Two-Tailed
                    Estimate       S.E.  Est./S.E.    P-Value

 WARMTH   ON
    MINDC             -0.012      0.213     -0.056      0.955
    INTERN             0.563      0.075      7.478      0.000
    EXTERN             0.058      0.074      0.777      0.437
    HOSTILE           -0.813      0.111     -7.343      0.000
    BENEV             -0.212      0.110     -1.928      0.054

 INTERN   ON
    MINDC              0.335      0.120      2.784      0.005

 EXTERN   ON
    MINDC              0.041      0.105      0.392      0.695

 HOSTILE  ON
    MINDC             -0.196      0.071     -2.750      0.006

 BENEV    ON
    MINDC             -0.052      0.065     -0.801      0.423

 INTERN   WITH
    EXTERN             0.602      0.077      7.850      0.000
    HOSTILE           -0.374      0.052     -7.127      0.000
    BENEV             -0.007      0.045     -0.149      0.881

 EXTERN   WITH
    HOSTILE            0.036      0.045      0.815      0.415
    BENEV              0.147      0.043      3.394      0.001

 HOSTILE  WITH
    BENEV              0.112      0.031      3.654      0.000

 Means
    MINDC              0.835      0.017     48.266      0.000

 Intercepts
    INTERN             4.971      0.115     43.276      0.000
    EXTERN             4.063      0.100     40.820      0.000
    HOSTILE            4.069      0.067     60.988      0.000
    BENEV              4.109      0.059     69.488      0.000
    WARMTH             7.456      0.845      8.821      0.000

 Variances
    MINDC              0.195      0.012     16.398      0.000

 Residual Variances
    INTERN             1.729      0.087     19.890      0.000
    EXTERN             1.478      0.081     18.154      0.000
    HOSTILE            0.704      0.047     15.003      0.000
    BENEV              0.623      0.038     16.396      0.000
    WARMTH             4.401      0.247     17.822      0.000

New/Additional Parameters
    XTOM1TOY           0.189      0.072      2.609      0.009
    XTOM2TOY           0.002      0.007      0.346      0.729
    XTOM3TOY           0.159      0.062      2.579      0.010
    XTOM4TOY           0.011      0.015      0.717      0.474
    TOTXTOY            0.349      0.235      1.484      0.138
    TOTIND             0.361      0.109      3.328      0.001


QUALITY OF NUMERICAL RESULTS

     Condition Number for the Information Matrix              0.740E-04
       (ratio of smallest to largest eigenvalue)


STANDARDIZED MODEL RESULTS


STDYX Standardization

                                                    Two-Tailed
                    Estimate       S.E.  Est./S.E.    P-Value

 WARMTH   ON
    MINDC             -0.002      0.039     -0.056      0.955
    INTERN             0.307      0.040      7.614      0.000
    EXTERN             0.029      0.037      0.778      0.437
    HOSTILE           -0.282      0.038     -7.452      0.000
    BENEV             -0.069      0.036     -1.932      0.053

 INTERN   ON
    MINDC              0.112      0.040      2.824      0.005

 EXTERN   ON
    MINDC              0.015      0.038      0.392      0.695

 HOSTILE  ON
    MINDC             -0.103      0.037     -2.800      0.005

 BENEV    ON
    MINDC             -0.029      0.036     -0.805      0.421

 INTERN   WITH
    EXTERN             0.377      0.039      9.564      0.000
    HOSTILE           -0.339      0.039     -8.769      0.000
    BENEV             -0.006      0.043     -0.149      0.881

 EXTERN   WITH
    HOSTILE            0.036      0.044      0.814      0.416
    BENEV              0.153      0.044      3.501      0.000

 HOSTILE  WITH
    BENEV              0.169      0.044      3.798      0.000

 Means
    MINDC              1.889      0.075     25.076      0.000

 Intercepts
    INTERN             3.757      0.147     25.626      0.000
    EXTERN             3.342      0.126     26.549      0.000
    HOSTILE            4.826      0.167     28.924      0.000
    BENEV              5.204      0.170     30.553      0.000
    WARMTH             3.074      0.358      8.591      0.000

 Variances
    MINDC              1.000      0.000    999.000    999.000

 Residual Variances
    INTERN             0.987      0.009    111.223      0.000
    EXTERN             1.000      0.001    869.286      0.000
    HOSTILE            0.989      0.008    131.522      0.000
    BENEV              0.999      0.002    471.490      0.000
    WARMTH             0.748      0.033     22.329      0.000


R-SQUARE

    Observed                                        Two-Tailed
    Variable        Estimate       S.E.  Est./S.E.    P-Value

    INTERN             0.013      0.009      1.412      0.158
    EXTERN             0.000      0.001      0.196      0.844
    HOSTILE            0.011      0.008      1.400      0.161
    BENEV              0.001      0.002      0.402      0.687
    WARMTH             0.252      0.033      7.524      0.000


TOTAL, TOTAL INDIRECT, SPECIFIC INDIRECT, AND DIRECT EFFECTS


                                                    Two-Tailed
                    Estimate       S.E.  Est./S.E.    P-Value

Effects from MINDC to WARMTH

  Total                0.349      0.235      1.484      0.138
  Total indirect       0.361      0.109      3.328      0.001

  Specific indirect 1
    WARMTH
    INTERN
    MINDC              0.189      0.072      2.609      0.009

  Specific indirect 2
    WARMTH
    EXTERN
    MINDC              0.002      0.007      0.346      0.729

  Specific indirect 3
    WARMTH
    HOSTILE
    MINDC              0.159      0.062      2.579      0.010

  Specific indirect 4
    WARMTH
    BENEV
    MINDC              0.011      0.015      0.717      0.474

  Direct
    WARMTH
    MINDC             -0.012      0.213     -0.056      0.955



STANDARDIZED TOTAL, TOTAL INDIRECT, SPECIFIC INDIRECT, AND DIRECT EFFECTS


STDYX Standardization

                                                    Two-Tailed
                    Estimate       S.E.  Est./S.E.    P-Value

Effects from MINDC to WARMTH

  Total                0.064      0.043      1.487      0.137
  Total indirect       0.066      0.019      3.397      0.001

  Specific indirect 1
    WARMTH
    INTERN
    MINDC              0.034      0.013      2.638      0.008

  Specific indirect 2
    WARMTH
    EXTERN
    MINDC              0.000      0.001      0.346      0.729

  Specific indirect 3
    WARMTH
    HOSTILE
    MINDC              0.029      0.011      2.610      0.009

  Specific indirect 4
    WARMTH
    BENEV
    MINDC              0.002      0.003      0.719      0.472

  Direct
    WARMTH
    MINDC             -0.002      0.039     -0.056      0.955




CONFIDENCE INTERVALS OF MODEL RESULTS

                  Lower .5%  Lower 2.5%    Lower 5%    Estimate    Upper 5%  Upper 2.5%   Upper .5%

 WARMTH   ON
    MINDC           -0.561      -0.430      -0.363      -0.012       0.339       0.406       0.537
    INTERN           0.369       0.415       0.439       0.563       0.686       0.710       0.756
    EXTERN          -0.134      -0.088      -0.065       0.058       0.180       0.204       0.250
    HOSTILE         -1.098      -1.029      -0.995      -0.813      -0.631      -0.596      -0.528
    BENEV           -0.496      -0.428      -0.394      -0.212      -0.031       0.004       0.071

 INTERN   ON
    MINDC            0.025       0.099       0.137       0.335       0.533       0.571       0.645

 EXTERN   ON
    MINDC           -0.230      -0.165      -0.132       0.041       0.215       0.248       0.313

 HOSTILE  ON
    MINDC           -0.379      -0.335      -0.313      -0.196      -0.079      -0.056      -0.012

 BENEV    ON
    MINDC           -0.220      -0.180      -0.159      -0.052       0.055       0.075       0.116

 INTERN   WITH
    EXTERN           0.405       0.452       0.476       0.602       0.728       0.752       0.800
    HOSTILE         -0.509      -0.477      -0.460      -0.374      -0.288      -0.271      -0.239
    BENEV           -0.123      -0.095      -0.081      -0.007       0.067       0.082       0.109

 EXTERN   WITH
    HOSTILE         -0.079      -0.051      -0.037       0.036       0.110       0.124       0.152
    BENEV            0.035       0.062       0.076       0.147       0.218       0.232       0.258

 HOSTILE  WITH
    BENEV            0.033       0.052       0.061       0.112       0.162       0.172       0.191

 Means
    MINDC            0.790       0.801       0.806       0.835       0.863       0.868       0.879

 Intercepts
    INTERN           4.675       4.746       4.782       4.971       5.160       5.196       5.267
    EXTERN           3.807       3.868       3.900       4.063       4.227       4.258       4.320
    HOSTILE          3.897       3.939       3.960       4.069       4.179       4.200       4.241
    BENEV            3.956       3.993       4.011       4.109       4.206       4.225       4.261
    WARMTH           5.279       5.800       6.066       7.456       8.847       9.113       9.634

 Variances
    MINDC            0.165       0.172       0.176       0.195       0.215       0.219       0.226

 Residual Variances
    INTERN           1.505       1.558       1.586       1.729       1.872       1.899       1.953
    EXTERN           1.268       1.318       1.344       1.478       1.612       1.637       1.687
    HOSTILE          0.583       0.612       0.626       0.704       0.781       0.795       0.824
    BENEV            0.525       0.548       0.560       0.623       0.685       0.697       0.721
    WARMTH           3.765       3.917       3.994       4.401       4.807       4.885       5.037

New/Additional Parameters
    XTOM1TOY         0.002       0.047       0.070       0.189       0.308       0.330       0.375
    XTOM2TOY        -0.015      -0.011      -0.009       0.002       0.014       0.016       0.020
    XTOM3TOY         0.000       0.038       0.058       0.159       0.261       0.280       0.318
    XTOM4TOY        -0.029      -0.019      -0.014       0.011       0.037       0.041       0.051
    TOTXTOY         -0.257      -0.112      -0.038       0.349       0.737       0.811       0.956
    TOTIND           0.082       0.148       0.183       0.361       0.540       0.574       0.641


CONFIDENCE INTERVALS OF STANDARDIZED MODEL RESULTS


STDYX Standardization

                  Lower .5%  Lower 2.5%    Lower 5%    Estimate    Upper 5%  Upper 2.5%   Upper .5%

 WARMTH   ON
    MINDC           -0.102      -0.078      -0.066      -0.002       0.062       0.074       0.098
    INTERN           0.203       0.228       0.241       0.307       0.373       0.386       0.411
    EXTERN          -0.067      -0.044      -0.032       0.029       0.090       0.102       0.125
    HOSTILE         -0.380      -0.357      -0.345      -0.282      -0.220      -0.208      -0.185
    BENEV           -0.161      -0.139      -0.128      -0.069      -0.010       0.001       0.023

 INTERN   ON
    MINDC            0.010       0.034       0.047       0.112       0.177       0.190       0.214

 EXTERN   ON
    MINDC           -0.084      -0.060      -0.048       0.015       0.078       0.090       0.114

 HOSTILE  ON
    MINDC           -0.197      -0.174      -0.163      -0.103      -0.042      -0.031      -0.008

 BENEV    ON
    MINDC           -0.123      -0.100      -0.089      -0.029       0.030       0.042       0.064

 INTERN   WITH
    EXTERN           0.275       0.300       0.312       0.377       0.442       0.454       0.478
    HOSTILE         -0.439      -0.415      -0.403      -0.339      -0.275      -0.263      -0.239
    BENEV           -0.118      -0.092      -0.078      -0.006       0.065       0.079       0.105

 EXTERN   WITH
    HOSTILE         -0.077      -0.050      -0.036       0.036       0.108       0.122       0.149
    BENEV            0.040       0.067       0.081       0.153       0.225       0.239       0.266

 HOSTILE  WITH
    BENEV            0.054       0.082       0.096       0.169       0.242       0.256       0.284

 Means
    MINDC            1.695       1.741       1.765       1.889       2.013       2.036       2.083

 Intercepts
    INTERN           3.379       3.470       3.516       3.757       3.998       4.044       4.135
    EXTERN           3.018       3.095       3.135       3.342       3.549       3.589       3.666
    HOSTILE          4.396       4.499       4.552       4.826       5.100       5.153       5.256
    BENEV            4.765       4.870       4.923       5.204       5.484       5.537       5.642
    WARMTH           2.152       2.373       2.485       3.074       3.663       3.775       3.996

 Variances
    MINDC            1.000       1.000       1.000       1.000       1.000       1.000       1.000

 Residual Variances
    INTERN           0.965       0.970       0.973       0.987       1.002       1.005       1.010
    EXTERN           0.997       0.998       0.998       1.000       1.002       1.002       1.003
    HOSTILE          0.970       0.975       0.977       0.989       1.002       1.004       1.009
    BENEV            0.994       0.995       0.996       0.999       1.003       1.003       1.005
    WARMTH           0.662       0.682       0.693       0.748       0.803       0.814       0.834


CONFIDENCE INTERVALS OF TOTAL, TOTAL INDIRECT, SPECIFIC INDIRECT, AND DIRECT EFFECTS


                  Lower .5%  Lower 2.5%    Lower 5%    Estimate    Upper 5%  Upper 2.5%   Upper .5%

Effects from MINDC to WARMTH

  Total             -0.257      -0.112      -0.038       0.349       0.737       0.811       0.956
  Total indirect     0.082       0.148       0.183       0.361       0.540       0.574       0.641

  Specific indirect 1
    WARMTH
    INTERN
    MINDC            0.002       0.047       0.070       0.189       0.308       0.330       0.375

  Specific indirect 2
    WARMTH
    EXTERN
    MINDC           -0.015      -0.011      -0.009       0.002       0.014       0.016       0.020

  Specific indirect 3
    WARMTH
    HOSTILE
    MINDC            0.000       0.038       0.058       0.159       0.261       0.280       0.318

  Specific indirect 4
    WARMTH
    BENEV
    MINDC           -0.029      -0.019      -0.014       0.011       0.037       0.041       0.051

  Direct
    WARMTH
    MINDC           -0.561      -0.430      -0.363      -0.012       0.339       0.406       0.537



CONFIDENCE INTERVALS OF STANDARDIZED TOTAL, TOTAL INDIRECT, SPECIFIC INDIRECT, AND DIRECT EFFECTS


STDYX Standardization

                  Lower .5%  Lower 2.5%    Lower 5%    Estimate    Upper 5%  Upper 2.5%   Upper .5%

Effects from MINDC to WARMTH

  Total             -0.047      -0.020      -0.007       0.064       0.134       0.147       0.174
  Total indirect     0.016       0.028       0.034       0.066       0.098       0.104       0.116

  Specific indirect 1
    WARMTH
    INTERN
    MINDC            0.001       0.009       0.013       0.034       0.056       0.060       0.068

  Specific indirect 2
    WARMTH
    EXTERN
    MINDC           -0.003      -0.002      -0.002       0.000       0.003       0.003       0.004

  Specific indirect 3
    WARMTH
    HOSTILE
    MINDC            0.000       0.007       0.011       0.029       0.047       0.051       0.058

  Specific indirect 4
    WARMTH
    BENEV
    MINDC           -0.005      -0.003      -0.003       0.002       0.007       0.008       0.009

  Direct
    WARMTH
    MINDC           -0.102      -0.078      -0.066      -0.002       0.062       0.074       0.098




     Beginning Time:  09:23:05
        Ending Time:  09:23:05
       Elapsed Time:  00:00:00



MUTHEN & MUTHEN
3463 Stoner Ave.
Los Angeles, CA  90066

Tel: (310) 391-9971
Fax: (310) 391-8971
Web: www.StatModel.com
Support: Support@StatModel.com

Copyright (c) 1998-2022 Muthen & Muthen
