------------------------------------------------------------------------------------------------------------------------------------------------------
      name:  Example6a
       log:  C:\Dropbox\23_PSQF6270\PSQF6270_Example6a\PSQF6270_Example6a_STATA_Output.log
  log type:  text
 opened on:  24 Apr 2023, 09:20:21

. 
. * /// means continue the command + comment
> *  // means comment only
. * sem, standardized // print standardized effects this time
. 
. display "STATA Single-Group Path Model with Indirect Effects using Regular FIML and Robust Standard Errors"
STATA Single-Group Path Model with Indirect Effects using Regular FIML and Robust Standard Errors

. sem                                                  ///
>     (intern extern hostile benev warmth <- _cons)    /// All intercepts estimated (by default) 
>     (warmth <- mindc)                                /// Regression X to Y
>     (intern extern hostile benev <- mindc)           /// Regressions X to M1,M2,M3,M4
>     (warmth <- intern extern hostile benev),         /// Regressions M1,M2,M3,M4 to Y
>      means(mindc) var(mindc)                         /// Print X mean and variance (not default)
>      var(e.intern e.extern e.hostile e.benev e.warmth)  /// All residual variances (by default)  
>      covstruct(e.intern e.extern e.hostile e.benev, unstructured) /// All possible residual covariances
>      method(mlmv) vce(robust)                   // Full-information ML with robust SEs (fit is same)

Endogenous variables

Observed:  intern extern hostile benev warmth

Exogenous variables

Observed:  mindc

Fitting saturated model:

Iteration 0:   log pseudolikelihood = -5411.0564  
Iteration 1:   log pseudolikelihood = -5410.7735  
Iteration 2:   log pseudolikelihood = -5410.7727  
Iteration 3:   log pseudolikelihood = -5410.7727  

Fitting baseline model:

Iteration 0:   log pseudolikelihood = -5630.5785  
Iteration 1:   log pseudolikelihood =  -5630.573  
Iteration 2:   log pseudolikelihood =  -5630.573  

Fitting target model:

Iteration 0:   log pseudolikelihood = -5410.7727  
Iteration 1:   log pseudolikelihood = -5410.7727  

Structural equation model                       Number of obs     =        653
Estimation method  = mlmv
Log pseudolikelihood= -5410.7727

----------------------------------------------------------------------------------------
                       |               Robust
                       |      Coef.   Std. Err.      z    P>|z|     [95% Conf. Interval]
-----------------------+----------------------------------------------------------------
Structural             |
  intern <-            |
                 mindc |   .3353112    .120511     2.78   0.005     .0991139    .5715084
                 _cons |   4.971255   .1149618    43.24   0.000     4.745934    5.196576
  ---------------------+----------------------------------------------------------------
  extern <-            |
                 mindc |    .041326    .105449     0.39   0.695    -.1653502    .2480022
                 _cons |    4.06338   .0996195    40.79   0.000     3.868129    4.258631
  ---------------------+----------------------------------------------------------------
  hostile <-           |
                 mindc |  -.1958762    .071285    -2.75   0.006    -.3355923   -.0561601
                 _cons |   4.069324   .0667741    60.94   0.000     3.938449    4.200199
  ---------------------+----------------------------------------------------------------
  benev <-             |
                 mindc |  -.0521908   .0651889    -0.80   0.423    -.1799588    .0755772
                 _cons |   4.108647   .0591724    69.44   0.000     3.992672    4.224623
  ---------------------+----------------------------------------------------------------
  warmth <-            |
                intern |   .5626147   .0752967     7.47   0.000     .4150358    .7101936
                extern |   .0578879   .0745483     0.78   0.437    -.0882241        .204
               hostile |  -.8125585    .110748    -7.34   0.000    -1.029621   -.5954963
                 benev |  -.2124246   .1102667    -1.93   0.054    -.4285434    .0036943
                 mindc |  -.0119824   .2132894    -0.06   0.955    -.4300219     .406057
                 _cons |   7.456182    .845915     8.81   0.000     5.798219    9.114145
-----------------------+----------------------------------------------------------------
            mean(mindc)|   .8345001   .0173028    48.23   0.000     .8005872     .868413
-----------------------+----------------------------------------------------------------
          var(e.intern)|   1.728817   .0869837                      1.566469    1.907992
          var(e.extern)|   1.477754   .0814641                      1.326411    1.646366
         var(e.hostile)|   .7035186   .0469278                      .6173006    .8017786
           var(e.benev)|   .6228914   .0380203                      .5526578    .7020505
          var(e.warmth)|   4.400699   .2471169                      3.942061    4.912698
             var(mindc)|    .195201   .0119132                       .173194    .2200042
-----------------------+----------------------------------------------------------------
 cov(e.intern,e.extern)|   .6021503    .076763     7.84   0.000     .4516976     .752603
cov(e.intern,e.hostile)|  -.3739513    .052506    -7.12   0.000    -.4768612   -.2710415
  cov(e.intern,e.benev)|  -.0067172   .0450894    -0.15   0.882    -.0950908    .0816564
cov(e.extern,e.hostile)|   .0364342   .0447418     0.81   0.415    -.0512582    .1241266
  cov(e.extern,e.benev)|    .146955   .0433279     3.39   0.001     .0620337    .2318762
 cov(e.hostile,e.benev)|   .1118392   .0306308     3.65   0.000     .0518038    .1718745
----------------------------------------------------------------------------------------

.      estat teffects                             // Direct, indirect, and total effects (combined)


Direct effects
------------------------------------------------------------------------------
             |               Robust
             |      Coef.   Std. Err.      z    P>|z|     [95% Conf. Interval]
-------------+----------------------------------------------------------------
Structural   |
  intern <-  |
       mindc |   .3353112    .120511     2.78   0.005     .0991139    .5715084
  -----------+----------------------------------------------------------------
  extern <-  |
       mindc |    .041326    .105449     0.39   0.695    -.1653502    .2480022
  -----------+----------------------------------------------------------------
  hostile <- |
       mindc |  -.1958762    .071285    -2.75   0.006    -.3355923   -.0561601
  -----------+----------------------------------------------------------------
  benev <-   |
       mindc |  -.0521908   .0651889    -0.80   0.423    -.1799588    .0755772
  -----------+----------------------------------------------------------------
  warmth <-  |
      intern |   .5626147   .0752967     7.47   0.000     .4150358    .7101936
      extern |   .0578879   .0745483     0.78   0.437    -.0882241        .204
     hostile |  -.8125585    .110748    -7.34   0.000    -1.029621   -.5954963
       benev |  -.2124246   .1102667    -1.93   0.054    -.4285434    .0036943
       mindc |  -.0119824   .2132894    -0.06   0.955    -.4300219     .406057
------------------------------------------------------------------------------


Indirect effects
------------------------------------------------------------------------------
             |               Robust
             |      Coef.   Std. Err.      z    P>|z|     [95% Conf. Interval]
-------------+----------------------------------------------------------------
Structural   |
  intern <-  |
       mindc |          0  (no path)
  -----------+----------------------------------------------------------------
  extern <-  |
       mindc |          0  (no path)
  -----------+----------------------------------------------------------------
  hostile <- |
       mindc |          0  (no path)
  -----------+----------------------------------------------------------------
  benev <-   |
       mindc |          0  (no path)
  -----------+----------------------------------------------------------------
  warmth <-  |
      intern |          0  (no path)
      extern |          0  (no path)
     hostile |          0  (no path)
       benev |          0  (no path)
       mindc |   .3612907   .1086484     3.33   0.001     .1483438    .5742377
------------------------------------------------------------------------------


Total effects
------------------------------------------------------------------------------
             |               Robust
             |      Coef.   Std. Err.      z    P>|z|     [95% Conf. Interval]
-------------+----------------------------------------------------------------
Structural   |
  intern <-  |
       mindc |   .3353112    .120511     2.78   0.005     .0991139    .5715084
  -----------+----------------------------------------------------------------
  extern <-  |
       mindc |    .041326    .105449     0.39   0.695    -.1653502    .2480022
  -----------+----------------------------------------------------------------
  hostile <- |
       mindc |  -.1958762    .071285    -2.75   0.006    -.3355923   -.0561601
  -----------+----------------------------------------------------------------
  benev <-   |
       mindc |  -.0521908   .0651889    -0.80   0.423    -.1799588    .0755772
  -----------+----------------------------------------------------------------
  warmth <-  |
      intern |   .5626147   .0752967     7.47   0.000     .4150358    .7101936
      extern |   .0578879   .0745483     0.78   0.437    -.0882241        .204
     hostile |  -.8125585    .110748    -7.34   0.000    -1.029621   -.5954963
       benev |  -.2124246   .1102667    -1.93   0.054    -.4285434    .0036943
       mindc |   .3493083   .2355993     1.48   0.138    -.1124579    .8110746
------------------------------------------------------------------------------

.      nlcom _b[intern:mindc] *_b[warmth:intern]  // Indirect effect XtoM1toY

       _nl_1:  _b[intern:mindc] *_b[warmth:intern]

------------------------------------------------------------------------------
             |      Coef.   Std. Err.      z    P>|z|     [95% Conf. Interval]
-------------+----------------------------------------------------------------
       _nl_1 |    .188651   .0723506     2.61   0.009     .0468465    .3304555
------------------------------------------------------------------------------

.      nlcom _b[extern:mindc] *_b[warmth:extern]  // Indirect effect XtoM2toY

       _nl_1:  _b[extern:mindc] *_b[warmth:extern]

------------------------------------------------------------------------------
             |      Coef.   Std. Err.      z    P>|z|     [95% Conf. Interval]
-------------+----------------------------------------------------------------
       _nl_1 |   .0023923   .0069239     0.35   0.730    -.0111784     .015963
------------------------------------------------------------------------------

.      nlcom _b[hostile:mindc]*_b[warmth:hostile] // Indirect effect XtoM3toY

       _nl_1:  _b[hostile:mindc]*_b[warmth:hostile]

------------------------------------------------------------------------------
             |      Coef.   Std. Err.      z    P>|z|     [95% Conf. Interval]
-------------+----------------------------------------------------------------
       _nl_1 |   .1591609   .0617597     2.58   0.010     .0381141    .2802076
------------------------------------------------------------------------------

.      nlcom _b[benev:mindc]  *_b[warmth:benev]   // Indirect effect XtoM4toY

       _nl_1:  _b[benev:mindc] *_b[warmth:benev]

------------------------------------------------------------------------------
             |      Coef.   Std. Err.      z    P>|z|     [95% Conf. Interval]
-------------+----------------------------------------------------------------
       _nl_1 |   .0110866   .0154837     0.72   0.474    -.0192609    .0414341
------------------------------------------------------------------------------

.      nlcom _b[intern:mindc] *_b[warmth:intern]  + _b[extern:mindc]*_b[warmth:extern] + ///
>            _b[hostile:mindc]*_b[warmth:hostile] + _b[benev:mindc]* _b[warmth:benev]  + ///
>            _b[warmth:mindc]                     // Total indirect+direct effects

       _nl_1:  _b[intern:mindc] *_b[warmth:intern] + _b[extern:mindc]*_b[warmth:extern] + _b[hostile:mindc]*_b[warmth:hostile] + _b[benev:mindc]* _b[w
> armth:benev] + _b[warmth:mindc]

------------------------------------------------------------------------------
             |      Coef.   Std. Err.      z    P>|z|     [95% Conf. Interval]
-------------+----------------------------------------------------------------
       _nl_1 |   .3493083   .2355993     1.48   0.138    -.1124579    .8110746
------------------------------------------------------------------------------

.      nlcom _b[intern:mindc]* _b[warmth:intern]  + _b[extern:mindc]*_b[warmth:extern] + ///
>            _b[hostile:mindc]*_b[warmth:hostile] + _b[benev:mindc]*_b[warmth:benev]     ///
>                                                          // Total indirect effects

       _nl_1:  _b[intern:mindc]* _b[warmth:intern] + _b[extern:mindc]*_b[warmth:extern] + _b[hostile:mindc]*_b[warmth:hostile] + _b[benev:mindc]*_b[wa
> rmth:benev]

------------------------------------------------------------------------------
             |      Coef.   Std. Err.      z    P>|z|     [95% Conf. Interval]
-------------+----------------------------------------------------------------
       _nl_1 |   .3612907   .1086484     3.33   0.001     .1483438    .5742377
------------------------------------------------------------------------------

.      sem, coeflegend                             // Print parameter labels (to use in lincom)

Structural equation model                       Number of obs     =        653
Estimation method  = mlmv
Log pseudolikelihood= -5410.7727

----------------------------------------------------------------------------------------
                       |      Coef.  Legend
-----------------------+----------------------------------------------------------------
Structural             |
  intern <-            |
                 mindc |   .3353112  _b[intern:mindc]
                 _cons |   4.971255  _b[intern:_cons]
  ---------------------+----------------------------------------------------------------
  extern <-            |
                 mindc |    .041326  _b[extern:mindc]
                 _cons |    4.06338  _b[extern:_cons]
  ---------------------+----------------------------------------------------------------
  hostile <-           |
                 mindc |  -.1958762  _b[hostile:mindc]
                 _cons |   4.069324  _b[hostile:_cons]
  ---------------------+----------------------------------------------------------------
  benev <-             |
                 mindc |  -.0521908  _b[benev:mindc]
                 _cons |   4.108647  _b[benev:_cons]
  ---------------------+----------------------------------------------------------------
  warmth <-            |
                intern |   .5626147  _b[warmth:intern]
                extern |   .0578879  _b[warmth:extern]
               hostile |  -.8125585  _b[warmth:hostile]
                 benev |  -.2124246  _b[warmth:benev]
                 mindc |  -.0119824  _b[warmth:mindc]
                 _cons |   7.456182  _b[warmth:_cons]
-----------------------+----------------------------------------------------------------
            mean(mindc)|   .8345001  _b[mean(mindc):_cons]
-----------------------+----------------------------------------------------------------
          var(e.intern)|   1.728817  _b[var(e.intern):_cons]
          var(e.extern)|   1.477754  _b[var(e.extern):_cons]
         var(e.hostile)|   .7035186  _b[var(e.hostile):_cons]
           var(e.benev)|   .6228914  _b[var(e.benev):_cons]
          var(e.warmth)|   4.400699  _b[var(e.warmth):_cons]
             var(mindc)|    .195201  _b[var(mindc):_cons]
-----------------------+----------------------------------------------------------------
 cov(e.intern,e.extern)|   .6021503  _b[cov(e.intern,e.extern):_cons]
cov(e.intern,e.hostile)|  -.3739513  _b[cov(e.intern,e.hostile):_cons]
  cov(e.intern,e.benev)|  -.0067172  _b[cov(e.intern,e.benev):_cons]
cov(e.extern,e.hostile)|   .0364342  _b[cov(e.extern,e.hostile):_cons]
  cov(e.extern,e.benev)|    .146955  _b[cov(e.extern,e.benev):_cons]
 cov(e.hostile,e.benev)|   .1118392  _b[cov(e.hostile,e.benev):_cons]
----------------------------------------------------------------------------------------

.      sem, standardized                           // Print standardized solution 

Structural equation model                       Number of obs     =        653
Estimation method  = mlmv
Log pseudolikelihood= -5410.7727

----------------------------------------------------------------------------------------
                       |               Robust
          Standardized |      Coef.   Std. Err.      z    P>|z|     [95% Conf. Interval]
-----------------------+----------------------------------------------------------------
Structural             |
  intern <-            |
                 mindc |   .1119632   .0396797     2.82   0.005     .0341925    .1897338
                 _cons |   3.757095   .1467252    25.61   0.000     3.469519    4.044671
  ---------------------+----------------------------------------------------------------
  extern <-            |
                 mindc |   .0150181   .0383132     0.39   0.695    -.0600745    .0901106
                 _cons |   3.342238   .1259867    26.53   0.000     3.095309    3.589168
  ---------------------+----------------------------------------------------------------
  hostile <-           |
                 mindc |  -.1026326    .036679    -2.80   0.005    -.1745222    -.030743
                 _cons |   4.825975   .1669761    28.90   0.000     4.498708    5.153242
  ---------------------+----------------------------------------------------------------
  benev <-             |
                 mindc |  -.0292041   .0363113    -0.80   0.421     -.100373    .0419648
                 _cons |   5.203642   .1704447    30.53   0.000     4.869577    5.537708
  ---------------------+----------------------------------------------------------------
  warmth <-            |
                intern |   .3069043    .040339     7.61   0.000     .2278412    .3859674
                extern |   .0290146    .037334     0.78   0.437    -.0441586    .1021878
               hostile |  -.2824684   .0379368    -7.45   0.000    -.3568231   -.2081137
                 benev |  -.0691471    .035811    -1.93   0.053    -.1393354    .0010411
                 mindc |  -.0021825   .0388465    -0.06   0.955    -.0783203    .0739552
                 _cons |   3.073934   .3580783     8.58   0.000     2.372113    3.775754
-----------------------+----------------------------------------------------------------
            mean(mindc)|   1.888798   .0753808    25.06   0.000     1.741054    2.036541
-----------------------+----------------------------------------------------------------
          var(e.intern)|   .9874643   .0088853                       .970202    1.005034
          var(e.extern)|   .9997745   .0011508                      .9975215    1.002032
         var(e.hostile)|   .9894665   .0075289                      .9748196    1.004334
           var(e.benev)|   .9991471   .0021209                      .9949989    1.003313
          var(e.warmth)|   .7479589   .0335233                      .6850577    .8166356
             var(mindc)|          1          .                             .           .
-----------------------+----------------------------------------------------------------
 cov(e.intern,e.extern)|   .3767292   .0394205     9.56   0.000     .2994664    .4539919
cov(e.intern,e.hostile)|  -.3390804    .038699    -8.76   0.000    -.4149291   -.2632317
  cov(e.intern,e.benev)|   -.006473   .0434624    -0.15   0.882    -.0916577    .0787117
cov(e.extern,e.hostile)|   .0357331   .0439347     0.81   0.416    -.0503774    .1218436
  cov(e.extern,e.benev)|   .1531712   .0437781     3.50   0.000     .0673678    .2389746
 cov(e.hostile,e.benev)|   .1689468   .0445202     3.79   0.000     .0816888    .2562048
----------------------------------------------------------------------------------------

.      estat gof, stats(all)                       // Print model fit statistics

----------------------------------------------------------------------------
Fit statistic        |      Value   Description
---------------------+------------------------------------------------------
Size of residuals    |
                  CD |      0.018   Coefficient of determination
----------------------------------------------------------------------------
Note: model was fit with vce(robust); only stats(residuals) valid.
Note: SRMR is not reported because of missing values.

.           display "LL for H1 Saturated Model= " e(critvalue_s)
LL for H1 Saturated Model= -5410.7727

.      display "# of Estimated parameters= " e(df_m)
# of Estimated parameters= 27

.      estat eqgof                                     // Print R2 per variable

Equation-level goodness of fit

------------------------------------------------------------------------------
             |             Variance            |
     depvars |    fitted  predicted   residual | R-squared        mc      mc2
-------------+---------------------------------+------------------------------
observed     |                                 |
      intern |  1.750765   .0219471   1.728817 |  .0125357  .1119632  .0125357
      extern |  1.478088   .0003334   1.477754 |  .0002255  .0150181  .0002255
     hostile |   .711008   .0074894   .7035186 |  .0105335  .1026326  .0105335
       benev |  .6234231   .0005317   .6228914 |  .0008529  .0292041  .0008529
      warmth |  5.883612   1.482912   4.400699 |  .2520411   .502037  .2520411
-------------+---------------------------------+------------------------------
     overall |                                 |  .0176456
------------------------------------------------------------------------------
mc  = correlation between depvar and its prediction
mc2 = mc^2 is the Bentler-Raykov squared multiple correlation coefficient

.          
. 
. 
. display "STATA Multiple-Group Path Model with Indirect Effects using Regular FIML and Robust Standard Errors"
STATA Multiple-Group Path Model with Indirect Effects using Regular FIML and Robust Standard Errors

. sem                                                  ///
>     (intern extern hostile benev warmth <- _cons)    /// All intercepts estimated (by default) 
>     (warmth <- mindc)                                /// Regression X to Y
>     (intern extern hostile benev <- mindc)           /// Regressions X to M1,M2,M3,M4
>     (warmth <- intern extern hostile benev),         /// Regressions M1,M2,M3,M4 to Y
>      means(mindc) var(mindc)                         /// Print X mean and variance (not default)
>      var(e.intern e.extern e.hostile e.benev e.warmth)  /// All possible residual variances (by default)  
>      covstruct(e.intern e.extern e.hostile e.benev, unstructured) /// All residual covariances
>      method(mlmv) vce(robust)          /// Full-information ML with robust SEs (fit is same)
>           group(sexmw) ginvariant(none)      // none= full non-invariance

Endogenous variables

Observed:  intern extern hostile benev warmth

Exogenous variables

Observed:  mindc

Fitting saturated model for group 1:

Iteration 0:   log pseudolikelihood = -2264.6049  
Iteration 1:   log pseudolikelihood = -2264.3741  
Iteration 2:   log pseudolikelihood = -2264.3732  
Iteration 3:   log pseudolikelihood = -2264.3732  

Fitting baseline model for group 1:

Iteration 0:   log pseudolikelihood = -2379.1224  
Iteration 1:   log pseudolikelihood = -2379.1189  
Iteration 2:   log pseudolikelihood = -2379.1189  

Fitting saturated model for group 2:

Iteration 0:   log pseudolikelihood = -3068.1006  
Iteration 1:   log pseudolikelihood =  -3067.835  
Iteration 2:   log pseudolikelihood =  -3067.834  
Iteration 3:   log pseudolikelihood =  -3067.834  

Fitting baseline model for group 2:

Iteration 0:   log pseudolikelihood = -3152.7198  
Iteration 1:   log pseudolikelihood = -3152.7167  
Iteration 2:   log pseudolikelihood = -3152.7167  

Fitting target model:

Iteration 0:   log pseudolikelihood = -5332.2072  
Iteration 1:   log pseudolikelihood = -5332.2072  

Structural equation model                       Number of obs     =        653
Grouping variable  = sexmw                      Number of groups  =          2
Estimation method  = mlmv
Log pseudolikelihood= -5332.2072

----------------------------------------------------------------------------------------
                       |               Robust
                       |      Coef.   Std. Err.      z    P>|z|     [95% Conf. Interval]
-----------------------+----------------------------------------------------------------
Structural             |
  intern <-            |
                 mindc |
                    0  |    .633305    .199396     3.18   0.001      .242496    1.024114
                    1  |   .0986061   .1458763     0.68   0.499    -.1873062    .3845183
                 _cons |
                    0  |    4.39111   .1851504    23.72   0.000     4.028222    4.753998
                    1  |     5.4137   .1379666    39.24   0.000      5.14329    5.684109
  ---------------------+----------------------------------------------------------------
  extern <-            |
                 mindc |
                    0  |   .2727332   .1656511     1.65   0.100     -.051937    .5974034
                    1  |  -.1166402   .1335466    -0.87   0.382    -.3783867    .1451062
                 _cons |
                    0  |   3.870788   .1581188    24.48   0.000     3.560881    4.180695
                    1  |   4.199539   .1255222    33.46   0.000      3.95352    4.445559
  ---------------------+----------------------------------------------------------------
  hostile <-           |
                 mindc |
                    0  |  -.1714754   .1264771    -1.36   0.175    -.4193659    .0764151
                    1  |  -.1813362   .0806446    -2.25   0.025    -.3393968   -.0232757
                 _cons |
                    0  |   4.333876   .1131492    38.30   0.000     4.112108    4.555644
                    1  |   3.852628   .0770146    50.02   0.000     3.701682    4.003573
  ---------------------+----------------------------------------------------------------
  benev <-             |
                 mindc |
                    0  |  -.3137449   .1109972    -2.83   0.005    -.5312954   -.0961945
                    1  |   .1383824   .0786043     1.76   0.078    -.0156792     .292444
                 _cons |
                    0  |   4.459746   .0925731    48.18   0.000     4.278306    4.641186
                    1  |   3.848452   .0745569    51.62   0.000     3.702323    3.994581
  ---------------------+----------------------------------------------------------------
  warmth <-            |
                intern |
                    0  |   .5480012   .1069639     5.12   0.000     .3383558    .7576467
                    1  |   .4488746   .1053589     4.26   0.000     .2423751    .6553742
                extern |
                    0  |   .0473828   .1094046     0.43   0.665    -.1670463    .2618119
                    1  |   .0836082   .0995309     0.84   0.401    -.1114689    .2786852
               hostile |
                    0  |  -.8451654   .1550687    -5.45   0.000    -1.149094   -.5412363
                    1  |  -.5347936   .1608367    -3.33   0.001    -.8500277   -.2195595
                 benev |
                    0  |  -.1578276   .1685564    -0.94   0.349    -.4881921    .1725369
                    1  |  -.1591458    .151053    -1.05   0.292    -.4552043    .1369128
                 mindc |
                    0  |   .2131587   .3645783     0.58   0.559    -.5014016     .927719
                    1  |  -.1263696   .2539527    -0.50   0.619    -.6241077    .3713685
                 _cons |
                    0  |   6.814568   1.258668     5.41   0.000     4.347624    9.281511
                    1  |   7.172311   1.082082     6.63   0.000      5.05147    9.293153
-----------------------+----------------------------------------------------------------
            mean(mindc)|
                    0  |   .8168498   .0262172    31.16   0.000      .765465    .8682347
                    1  |   .8471805    .022985    36.86   0.000     .8021306    .8922303
-----------------------+----------------------------------------------------------------
          var(e.intern)|
                    0  |   1.857129   .1467241                      1.590714    2.168163
                    1  |   1.473471   .0886488                      1.309576    1.657878
          var(e.extern)|
                    0  |   1.522092   .1263512                      1.293544     1.79102
                    1  |   1.433397   .1054571                      1.240916    1.655735
         var(e.hostile)|
                    0  |   .7842846   .0755817                      .6492968    .9473362
                    1  |   .5454591   .0428364                      .4676435    .6362231
           var(e.benev)|
                    0  |   .6232648   .0593792                      .5171036    .7512208
                    1  |   .5828119   .0460734                      .4991578    .6804857
          var(e.warmth)|
                    0  |   4.124248   .3944126                      3.419339    4.974476
                    1  |   4.230226   .3029902                      3.676175     4.86778
             var(mindc)|
                    0  |   .1873576   .0187075                      .1540563    .2278574
                    1  |   .2004512   .0153813                       .172462     .232983
-----------------------+----------------------------------------------------------------
 cov(e.intern,e.extern)|
                    0  |   .6395836   .1317775     4.85   0.000     .3813045    .8978628
                    1  |   .5559517   .0848663     6.55   0.000     .3896167    .7222866
cov(e.intern,e.hostile)|
                    0  |  -.4745932   .0878493    -5.40   0.000    -.6467746   -.3024118
                    1  |  -.1836749   .0471322    -3.90   0.000    -.2760522   -.0912975
  cov(e.intern,e.benev)|
                    0  |   .1068751   .0740129     1.44   0.149    -.0381875    .2519377
                    1  |  -.0116527   .0500028    -0.23   0.816    -.1096564    .0863511
cov(e.extern,e.hostile)|
                    0  |   .0579838   .0773212     0.75   0.453    -.0935631    .2095306
                    1  |   .0230488   .0441905     0.52   0.602     -.063563    .1096605
  cov(e.extern,e.benev)|
                    0  |   .1540697   .0670566     2.30   0.022     .0226411    .2854983
                    1  |   .1566726   .0522672     3.00   0.003     .0542308    .2591144
 cov(e.hostile,e.benev)|
                    0  |    .035857   .0483907     0.74   0.459     -.058987     .130701
                    1  |   .1184571   .0324269     3.65   0.000     .0549016    .1820126
----------------------------------------------------------------------------------------

.           estat teffects                     // Direct, indirect (not correct), and total effects


Direct effects
------------------------------------------------------------------------------
             |               Robust
             |      Coef.   Std. Err.      z    P>|z|     [95% Conf. Interval]
-------------+----------------------------------------------------------------
Structural   |
  intern <-  |
       mindc |
          0  |    .633305    .199396     3.18   0.001      .242496    1.024114
          1  |   .0986061   .1458763     0.68   0.499    -.1873062    .3845183
  -----------+----------------------------------------------------------------
  extern <-  |
       mindc |
          0  |   .2727332   .1656511     1.65   0.100     -.051937    .5974034
          1  |  -.1166402   .1335466    -0.87   0.382    -.3783867    .1451062
  -----------+----------------------------------------------------------------
  hostile <- |
       mindc |
          0  |  -.1714754   .1264771    -1.36   0.175    -.4193659    .0764151
          1  |  -.1813362   .0806446    -2.25   0.025    -.3393968   -.0232757
  -----------+----------------------------------------------------------------
  benev <-   |
       mindc |
          0  |  -.3137449   .1109972    -2.83   0.005    -.5312954   -.0961945
          1  |   .1383824   .0786043     1.76   0.078    -.0156792     .292444
  -----------+----------------------------------------------------------------
  warmth <-  |
      intern |
          0  |   .5480012   .1069639     5.12   0.000     .3383558    .7576467
          1  |   .4488746   .1053589     4.26   0.000     .2423751    .6553742
      extern |
          0  |   .0473828   .1094046     0.43   0.665    -.1670463    .2618119
          1  |   .0836082   .0995309     0.84   0.401    -.1114689    .2786852
     hostile |
          0  |  -.8451654   .1550687    -5.45   0.000    -1.149094   -.5412363
          1  |  -.5347936   .1608367    -3.33   0.001    -.8500277   -.2195595
       benev |
          0  |  -.1578276   .1685564    -0.94   0.349    -.4881921    .1725369
          1  |  -.1591458    .151053    -1.05   0.292    -.4552043    .1369128
       mindc |
          0  |   .2131587   .3645783     0.58   0.559    -.5014016     .927719
          1  |  -.1263696   .2539527    -0.50   0.619    -.6241077    .3713685
------------------------------------------------------------------------------


Indirect effects
------------------------------------------------------------------------------
             |               Robust
             |      Coef.   Std. Err.      z    P>|z|     [95% Conf. Interval]
-------------+----------------------------------------------------------------
Structural   |
  intern <-  |
       mindc |
         [*] |          0  (no path)
  -----------+----------------------------------------------------------------
  extern <-  |
       mindc |
         [*] |          0  (no path)
  -----------+----------------------------------------------------------------
  hostile <- |
       mindc |
         [*] |          0  (no path)
  -----------+----------------------------------------------------------------
  benev <-   |
       mindc |
         [*] |          0  (no path)
  -----------+----------------------------------------------------------------
  warmth <-  |
      intern |
         [*] |          0  (no path)
      extern |
         [*] |          0  (no path)
     hostile |
         [*] |          0  (no path)
       benev |
         [*] |          0  (no path)
       mindc |
          0  |   .5544175    .204221     2.71   0.007     .1541518    .9546832
          1  |   .1094642   .0972092     1.13   0.260    -.0810623    .2999907
------------------------------------------------------------------------------
Note: [*] identifies parameter estimates constrained to be equal across
      groups.


Total effects
------------------------------------------------------------------------------
             |               Robust
             |      Coef.   Std. Err.      z    P>|z|     [95% Conf. Interval]
-------------+----------------------------------------------------------------
Structural   |
  intern <-  |
       mindc |
          0  |    .633305    .199396     3.18   0.001      .242496    1.024114
          1  |   .0986061   .1458763     0.68   0.499    -.1873062    .3845183
  -----------+----------------------------------------------------------------
  extern <-  |
       mindc |
          0  |   .2727332   .1656511     1.65   0.100     -.051937    .5974034
          1  |  -.1166402   .1335466    -0.87   0.382    -.3783867    .1451062
  -----------+----------------------------------------------------------------
  hostile <- |
       mindc |
          0  |  -.1714754   .1264771    -1.36   0.175    -.4193659    .0764151
          1  |  -.1813362   .0806446    -2.25   0.025    -.3393968   -.0232757
  -----------+----------------------------------------------------------------
  benev <-   |
       mindc |
          0  |  -.3137449   .1109972    -2.83   0.005    -.5312954   -.0961945
          1  |   .1383824   .0786043     1.76   0.078    -.0156792     .292444
  -----------+----------------------------------------------------------------
  warmth <-  |
      intern |
          0  |   .5480012   .1069639     5.12   0.000     .3383558    .7576467
          1  |   .4488746   .1053589     4.26   0.000     .2423751    .6553742
      extern |
          0  |   .0473828   .1094046     0.43   0.665    -.1670463    .2618119
          1  |   .0836082   .0995309     0.84   0.401    -.1114689    .2786852
     hostile |
          0  |  -.8451654   .1550687    -5.45   0.000    -1.149094   -.5412363
          1  |  -.5347936   .1608367    -3.33   0.001    -.8500277   -.2195595
       benev |
          0  |  -.1578276   .1685564    -0.94   0.349    -.4881921    .1725369
          1  |  -.1591458    .151053    -1.05   0.292    -.4552043    .1369128
       mindc |
          0  |   .7675762   .4022207     1.91   0.056    -.0207618    1.555914
          1  |  -.0169054   .2572965    -0.07   0.948    -.5211973    .4873865
------------------------------------------------------------------------------

.      // Men and women indirect effect XtoM1toY and difference
.      nlcom _b[intern:0bn.sexmw#c.mindc]*_b[warmth:0bn.sexmw#c.intern]  

       _nl_1:  _b[intern:0bn.sexmw#c.mindc]*_b[warmth:0bn.sexmw#c.intern]

------------------------------------------------------------------------------
             |      Coef.   Std. Err.      z    P>|z|     [95% Conf. Interval]
-------------+----------------------------------------------------------------
       _nl_1 |   .3470519   .1263171     2.75   0.006      .099475    .5946289
------------------------------------------------------------------------------

.      nlcom _b[intern:1.sexmw#c.mindc]  *_b[warmth:1.sexmw#c.intern]

       _nl_1:  _b[intern:1.sexmw#c.mindc] *_b[warmth:1.sexmw#c.intern]

------------------------------------------------------------------------------
             |      Coef.   Std. Err.      z    P>|z|     [95% Conf. Interval]
-------------+----------------------------------------------------------------
       _nl_1 |   .0442618   .0660376     0.67   0.503    -.0851696    .1736931
------------------------------------------------------------------------------

.      nlcom _b[intern:0bn.sexmw#c.mindc]*_b[warmth:0bn.sexmw#c.intern] - ///
>            _b[intern:1.sexmw#c.mindc]  *_b[warmth:1.sexmw#c.intern]

       _nl_1:  _b[intern:0bn.sexmw#c.mindc]*_b[warmth:0bn.sexmw#c.intern] - _b[intern:1.sexmw#c.mindc] *_b[warmth:1.sexmw#c.intern]

------------------------------------------------------------------------------
             |      Coef.   Std. Err.      z    P>|z|     [95% Conf. Interval]
-------------+----------------------------------------------------------------
       _nl_1 |   .3027902   .1425376     2.12   0.034     .0234216    .5821588
------------------------------------------------------------------------------

.      // Men and women indirect effect XtoM2toY and difference
.      nlcom _b[extern:0bn.sexmw#c.mindc]*_b[warmth:0bn.sexmw#c.extern]

       _nl_1:  _b[extern:0bn.sexmw#c.mindc]*_b[warmth:0bn.sexmw#c.extern]

------------------------------------------------------------------------------
             |      Coef.   Std. Err.      z    P>|z|     [95% Conf. Interval]
-------------+----------------------------------------------------------------
       _nl_1 |   .0129229   .0298229     0.43   0.665    -.0455289    .0713746
------------------------------------------------------------------------------

.      nlcom _b[extern:1.sexmw#c.mindc]  *_b[warmth:1.sexmw#c.extern]

       _nl_1:  _b[extern:1.sexmw#c.mindc] *_b[warmth:1.sexmw#c.extern]

------------------------------------------------------------------------------
             |      Coef.   Std. Err.      z    P>|z|     [95% Conf. Interval]
-------------+----------------------------------------------------------------
       _nl_1 |  -.0097521   .0151585    -0.64   0.520    -.0394621    .0199579
------------------------------------------------------------------------------

.      nlcom _b[extern:0bn.sexmw#c.mindc]*_b[warmth:0bn.sexmw#c.extern] - ///
>            _b[extern:1.sexmw#c.mindc]  *_b[warmth:1.sexmw#c.extern]

       _nl_1:  _b[extern:0bn.sexmw#c.mindc]*_b[warmth:0bn.sexmw#c.extern] - _b[extern:1.sexmw#c.mindc] *_b[warmth:1.sexmw#c.extern]

------------------------------------------------------------------------------
             |      Coef.   Std. Err.      z    P>|z|     [95% Conf. Interval]
-------------+----------------------------------------------------------------
       _nl_1 |   .0226749   .0334542     0.68   0.498     -.042894    .0882439
------------------------------------------------------------------------------

.      // Men and women indirect effect XtoM3toY and difference
.      nlcom _b[hostile:0bn.sexmw#c.mindc]*_b[warmth:0bn.sexmw#c.hostile]

       _nl_1:  _b[hostile:0bn.sexmw#c.mindc]*_b[warmth:0bn.sexmw#c.hostile]

------------------------------------------------------------------------------
             |      Coef.   Std. Err.      z    P>|z|     [95% Conf. Interval]
-------------+----------------------------------------------------------------
       _nl_1 |   .1449251   .1115841     1.30   0.194    -.0737757    .3636258
------------------------------------------------------------------------------

.      nlcom _b[hostile:1.sexmw#c.mindc]  *_b[warmth:1.sexmw#c.hostile]

       _nl_1:  _b[hostile:1.sexmw#c.mindc] *_b[warmth:1.sexmw#c.hostile]

------------------------------------------------------------------------------
             |      Coef.   Std. Err.      z    P>|z|     [95% Conf. Interval]
-------------+----------------------------------------------------------------
       _nl_1 |   .0969775   .0525651     1.84   0.065    -.0060482    .2000032
------------------------------------------------------------------------------

.      nlcom _b[hostile:0bn.sexmw#c.mindc]*_b[warmth:0bn.sexmw#c.hostile] - ///
>            _b[hostile:1.sexmw#c.mindc]  *_b[warmth:1.sexmw#c.hostile]

       _nl_1:  _b[hostile:0bn.sexmw#c.mindc]*_b[warmth:0bn.sexmw#c.hostile] - _b[hostile:1.sexmw#c.mindc] *_b[warmth:1.sexmw#c.hostile]

------------------------------------------------------------------------------
             |      Coef.   Std. Err.      z    P>|z|     [95% Conf. Interval]
-------------+----------------------------------------------------------------
       _nl_1 |   .0479476   .1233454     0.39   0.697     -.193805    .2897002
------------------------------------------------------------------------------

.      // Men and women indirect effect XtoM4toY and difference
.      nlcom _b[benev:0bn.sexmw#c.mindc]*_b[warmth:0bn.sexmw#c.benev] 

       _nl_1:  _b[benev:0bn.sexmw#c.mindc]*_b[warmth:0bn.sexmw#c.benev]

------------------------------------------------------------------------------
             |      Coef.   Std. Err.      z    P>|z|     [95% Conf. Interval]
-------------+----------------------------------------------------------------
       _nl_1 |   .0495176   .0579837     0.85   0.393    -.0641283    .1631635
------------------------------------------------------------------------------

.      nlcom _b[benev:1.sexmw#c.mindc]  *_b[warmth:1.sexmw#c.benev]

       _nl_1:  _b[benev:1.sexmw#c.mindc] *_b[warmth:1.sexmw#c.benev]

------------------------------------------------------------------------------
             |      Coef.   Std. Err.      z    P>|z|     [95% Conf. Interval]
-------------+----------------------------------------------------------------
       _nl_1 |   -.022023   .0235189    -0.94   0.349    -.0681192    .0240733
------------------------------------------------------------------------------

.      nlcom _b[benev:0bn.sexmw#c.mindc]*_b[warmth:0bn.sexmw#c.benev] - ///
>            _b[benev:1.sexmw#c.mindc]  *_b[warmth:1.sexmw#c.benev]

       _nl_1:  _b[benev:0bn.sexmw#c.mindc]*_b[warmth:0bn.sexmw#c.benev] - _b[benev:1.sexmw#c.mindc] *_b[warmth:1.sexmw#c.benev]

------------------------------------------------------------------------------
             |      Coef.   Std. Err.      z    P>|z|     [95% Conf. Interval]
-------------+----------------------------------------------------------------
       _nl_1 |   .0715406   .0625719     1.14   0.253    -.0510981    .1941793
------------------------------------------------------------------------------

.      // Total and total indirect per group would be computed as for single-group model
.      sem, coeflegend                             // Print parameter labels (to use in lincom)

Structural equation model                       Number of obs     =        653
Grouping variable  = sexmw                      Number of groups  =          2
Estimation method  = mlmv
Log pseudolikelihood= -5332.2072

----------------------------------------------------------------------------------------
                       |      Coef.  Legend
-----------------------+----------------------------------------------------------------
Structural             |
  intern <-            |
                 mindc |
                    0  |    .633305  _b[intern:0bn.sexmw#c.mindc]
                    1  |   .0986061  _b[intern:1.sexmw#c.mindc]
                 _cons |
                    0  |    4.39111  _b[intern:0bn.sexmw]
                    1  |     5.4137  _b[intern:1.sexmw]
  ---------------------+----------------------------------------------------------------
  extern <-            |
                 mindc |
                    0  |   .2727332  _b[extern:0bn.sexmw#c.mindc]
                    1  |  -.1166402  _b[extern:1.sexmw#c.mindc]
                 _cons |
                    0  |   3.870788  _b[extern:0bn.sexmw]
                    1  |   4.199539  _b[extern:1.sexmw]
  ---------------------+----------------------------------------------------------------
  hostile <-           |
                 mindc |
                    0  |  -.1714754  _b[hostile:0bn.sexmw#c.mindc]
                    1  |  -.1813362  _b[hostile:1.sexmw#c.mindc]
                 _cons |
                    0  |   4.333876  _b[hostile:0bn.sexmw]
                    1  |   3.852628  _b[hostile:1.sexmw]
  ---------------------+----------------------------------------------------------------
  benev <-             |
                 mindc |
                    0  |  -.3137449  _b[benev:0bn.sexmw#c.mindc]
                    1  |   .1383824  _b[benev:1.sexmw#c.mindc]
                 _cons |
                    0  |   4.459746  _b[benev:0bn.sexmw]
                    1  |   3.848452  _b[benev:1.sexmw]
  ---------------------+----------------------------------------------------------------
  warmth <-            |
                intern |
                    0  |   .5480012  _b[warmth:0bn.sexmw#c.intern]
                    1  |   .4488746  _b[warmth:1.sexmw#c.intern]
                extern |
                    0  |   .0473828  _b[warmth:0bn.sexmw#c.extern]
                    1  |   .0836082  _b[warmth:1.sexmw#c.extern]
               hostile |
                    0  |  -.8451654  _b[warmth:0bn.sexmw#c.hostile]
                    1  |  -.5347936  _b[warmth:1.sexmw#c.hostile]
                 benev |
                    0  |  -.1578276  _b[warmth:0bn.sexmw#c.benev]
                    1  |  -.1591458  _b[warmth:1.sexmw#c.benev]
                 mindc |
                    0  |   .2131587  _b[warmth:0bn.sexmw#c.mindc]
                    1  |  -.1263696  _b[warmth:1.sexmw#c.mindc]
                 _cons |
                    0  |   6.814568  _b[warmth:0bn.sexmw]
                    1  |   7.172311  _b[warmth:1.sexmw]
-----------------------+----------------------------------------------------------------
            mean(mindc)|
                    0  |   .8168498  _b[mean(mindc):0bn.sexmw]
                    1  |   .8471805  _b[mean(mindc):1.sexmw]
-----------------------+----------------------------------------------------------------
          var(e.intern)|
                    0  |   1.857129  _b[var(e.intern):0bn.sexmw]
                    1  |   1.473471  _b[var(e.intern):1.sexmw]
          var(e.extern)|
                    0  |   1.522092  _b[var(e.extern):0bn.sexmw]
                    1  |   1.433397  _b[var(e.extern):1.sexmw]
         var(e.hostile)|
                    0  |   .7842846  _b[var(e.hostile):0bn.sexmw]
                    1  |   .5454591  _b[var(e.hostile):1.sexmw]
           var(e.benev)|
                    0  |   .6232648  _b[var(e.benev):0bn.sexmw]
                    1  |   .5828119  _b[var(e.benev):1.sexmw]
          var(e.warmth)|
                    0  |   4.124248  _b[var(e.warmth):0bn.sexmw]
                    1  |   4.230226  _b[var(e.warmth):1.sexmw]
             var(mindc)|
                    0  |   .1873576  _b[var(mindc):0bn.sexmw]
                    1  |   .2004512  _b[var(mindc):1.sexmw]
-----------------------+----------------------------------------------------------------
 cov(e.intern,e.extern)|
                    0  |   .6395836  _b[cov(e.intern,e.extern):0bn.sexmw]
                    1  |   .5559517  _b[cov(e.intern,e.extern):1.sexmw]
cov(e.intern,e.hostile)|
                    0  |  -.4745932  _b[cov(e.intern,e.hostile):0bn.sexmw]
                    1  |  -.1836749  _b[cov(e.intern,e.hostile):1.sexmw]
  cov(e.intern,e.benev)|
                    0  |   .1068751  _b[cov(e.intern,e.benev):0bn.sexmw]
                    1  |  -.0116527  _b[cov(e.intern,e.benev):1.sexmw]
cov(e.extern,e.hostile)|
                    0  |   .0579838  _b[cov(e.extern,e.hostile):0bn.sexmw]
                    1  |   .0230488  _b[cov(e.extern,e.hostile):1.sexmw]
  cov(e.extern,e.benev)|
                    0  |   .1540697  _b[cov(e.extern,e.benev):0bn.sexmw]
                    1  |   .1566726  _b[cov(e.extern,e.benev):1.sexmw]
 cov(e.hostile,e.benev)|
                    0  |    .035857  _b[cov(e.hostile,e.benev):0bn.sexmw]
                    1  |   .1184571  _b[cov(e.hostile,e.benev):1.sexmw]
----------------------------------------------------------------------------------------

.      sem, standardized                           // Print standardized solution

Structural equation model                       Number of obs     =        653
Grouping variable  = sexmw                      Number of groups  =          2
Estimation method  = mlmv
Log pseudolikelihood= -5332.2072

----------------------------------------------------------------------------------------
                       |               Robust
          Standardized |      Coef.   Std. Err.      z    P>|z|     [95% Conf. Interval]
-----------------------+----------------------------------------------------------------
Structural             |
  intern <-            |
                 mindc |
                    0  |   .1972033   .0595786     3.31   0.001     .0804314    .3139753
                    1  |   .0363455    .053697     0.68   0.498    -.0688987    .1415896
                 _cons |
                    0  |    3.15893   .2094469    15.08   0.000     2.748422    3.569439
                    1  |   4.456935   .1939124    22.98   0.000     4.076874    4.836997
  ---------------------+----------------------------------------------------------------
  extern <-            |
                 mindc |
                    0  |    .095252   .0578058     1.65   0.099    -.0180453    .2085493
                    1  |  -.0435769   .0499151    -0.87   0.383    -.1414087    .0542548
                 _cons |
                    0  |     3.1232   .1955239    15.97   0.000      2.73998     3.50642
                    1  |   3.504335   .1621666    21.61   0.000     3.186494    3.822176
  ---------------------+----------------------------------------------------------------
  hostile <-           |
                 mindc |
                    0  |  -.0835181   .0602954    -1.39   0.166    -.2016949    .0346587
                    1  |  -.1092697   .0479589    -2.28   0.023    -.2032673    -.015272
                 _cons |
                    0  |   4.876628   .2400615    20.31   0.000     4.406116     5.34714
                    1  |   5.185225    .228221    22.72   0.000      4.73792     5.63253
  ---------------------+----------------------------------------------------------------
  benev <-             |
                 mindc |
                    0  |  -.1695289   .0563913    -3.01   0.003    -.2800539   -.0590039
                    1  |   .0808901   .0459696     1.76   0.078    -.0092087    .1709889
                 _cons |
                    0  |    5.56726   .2599577    21.42   0.000     5.057753    6.076768
                    1  |   5.024541   .2294012    21.90   0.000     4.574923    5.474159
  ---------------------+----------------------------------------------------------------
  warmth <-            |
                intern |
                    0  |   .3155287   .0612689     5.15   0.000     .1954437    .4356136
                    1  |   .2474896   .0561987     4.40   0.000      .137342    .3576371
                extern |
                    0  |   .0243245   .0559954     0.43   0.664    -.0854245    .1340734
                    1  |   .0454798   .0542343     0.84   0.402    -.0608174     .151777
               hostile |
                    0  |  -.3111154   .0576089    -5.40   0.000    -.4240267   -.1982041
                    1  |  -.1803639   .0525994    -3.43   0.001    -.2834568    -.077271
                 benev |
                    0  |   -.052369   .0559769    -0.94   0.350    -.1620818    .0573437
                    1  |  -.0553298   .0523663    -1.06   0.291    -.1579658    .0473063
                 mindc |
                    0  |   .0382174    .065396     0.58   0.559    -.0899564    .1663913
                    1  |  -.0256815   .0515769    -0.50   0.619    -.1267705    .0754074
                 _cons |
                    0  |   2.822678   .5408372     5.22   0.000     1.762656    3.882699
                    1  |   3.255615   .5037635     6.46   0.000     2.268257    4.242974
-----------------------+----------------------------------------------------------------
            mean(mindc)|
                    0  |   1.887151   .1225183    15.40   0.000     1.647019    2.127282
                    1  |    1.89222   .0955526    19.80   0.000      1.70494    2.079499
-----------------------+----------------------------------------------------------------
          var(e.intern)|
                    0  |   .9611108   .0234982                      .9161413    1.008288
                    1  |    .998679   .0039033                      .9910579    1.006359
          var(e.extern)|
                    0  |   .9909271   .0110122                      .9695768    1.012747
                    1  |   .9981011   .0043503                      .9896109    1.006664
         var(e.hostile)|
                    0  |   .9930247   .0100715                      .9734798    1.012962
                    1  |   .9880601   .0104809                        .96773    1.008817
           var(e.benev)|
                    0  |   .9712599   .0191199                      .9344993    1.009467
                    1  |   .9934568    .007437                       .978987     1.00814
          var(e.warmth)|
                    0  |   .7076048   .0506526                      .6149772    .8141838
                    1  |   .8715885   .0340685                      .8073092    .9409858
             var(mindc)|
                    0  |          1          .                             .           .
                    1  |          1          .                             .           .
-----------------------+----------------------------------------------------------------
 cov(e.intern,e.extern)|
                    0  |   .3804135   .0640179     5.94   0.000     .2549407    .5058862
                    1  |   .3825454   .0478813     7.99   0.000     .2886997    .4763911
cov(e.intern,e.hostile)|
                    0  |  -.3932454   .0569687    -6.90   0.000     -.504902   -.2815888
                    1  |  -.2048792   .0497088    -4.12   0.000    -.3023066   -.1074518
  cov(e.intern,e.benev)|
                    0  |   .0993388    .067523     1.47   0.141    -.0330039    .2316815
                    1  |  -.0125745     .05401    -0.23   0.816    -.1184321    .0932831
cov(e.extern,e.hostile)|
                    0  |     .05307   .0709661     0.75   0.455    -.0860211    .1921611
                    1  |   .0260665   .0498993     0.52   0.601    -.0717342    .1238673
  cov(e.extern,e.benev)|
                    0  |   .1581833   .0679109     2.33   0.020     .0250804    .2912862
                    1  |   .1714137   .0534316     3.21   0.001     .0666897    .2761377
 cov(e.hostile,e.benev)|
                    0  |   .0512862   .0689734     0.74   0.457    -.0838992    .1864717
                    1  |    .210095   .0543071     3.87   0.000      .103655    .3165351
----------------------------------------------------------------------------------------

.      estat gof, stats(all)                       // Print model fit statistics

----------------------------------------------------------------------------
Fit statistic        |      Value   Description
---------------------+------------------------------------------------------
Size of residuals    |
                  CD |      0.055   Coefficient of determination
----------------------------------------------------------------------------
Note: model was fit with vce(robust); only stats(residuals) valid.
Note: SRMR is not reported because of missing values.

.      display "LL for H1 Saturated Model= " e(critvalue_s)
LL for H1 Saturated Model= -5332.2072

.      display "# of Estimated parameters= " e(df_m)
# of Estimated parameters= 54

.      estat eqgof                                     // Print R2 per variable
Group #1 (sexmw=0; N=273) 


Equation-level goodness of fit

------------------------------------------------------------------------------
             |             Variance            |
     depvars |    fitted  predicted   residual | R-squared        mc      mc2
-------------+---------------------------------+------------------------------
observed     |                                 |
      intern |  1.932273   .0751445   1.857129 |  .0388892  .1972033  .0388892
      extern |  1.536028   .0139363   1.522092 |  .0090729   .095252  .0090729
     hostile |  .7897936    .005509   .7842846 |  .0069753  .0835181  .0069753
       benev |  .6417075   .0184427   .6232648 |  .0287401  .1695289  .0287401
      warmth |  5.828462   1.704215   4.124248 |  .2923952  .5407358  .2923952
-------------+---------------------------------+------------------------------
     overall |                                 |  .0757179
------------------------------------------------------------------------------
mc  = correlation between depvar and its prediction
mc2 = mc^2 is the Bentler-Raykov squared multiple correlation coefficient

Group #2 (sexmw=1; N=380) 


Equation-level goodness of fit

------------------------------------------------------------------------------
             |             Variance            |
     depvars |    fitted  predicted   residual | R-squared        mc      mc2
-------------+---------------------------------+------------------------------
observed     |                                 |
      intern |   1.47542    .001949   1.473471 |   .001321  .0363455   .001321
      extern |  1.436124   .0027271   1.433397 |  .0018989  .0435769  .0018989
     hostile |  .5520505   .0065914   .5454591 |  .0119399  .1092697  .0119399
       benev |  .5866505   .0038386   .5828119 |  .0065432  .0808901  .0065432
      warmth |  4.853467    .623241   4.230226 |  .1284115  .3583455  .1284115
-------------+---------------------------------+------------------------------
     overall |                                 |  .0283625
------------------------------------------------------------------------------
mc  = correlation between depvar and its prediction
mc2 = mc^2 is the Bentler-Raykov squared multiple correlation coefficient

.      estat ginvariant      // Wald or Score test for each parm's invariance

Tests for group invariance of parameters

----------------------------------------------------------------------------------------
                       |            Wald Test                       Score Test
                       |      chi2         df    p>chi2       chi2          df    p>chi2
-----------------------+----------------------------------------------------------------
Structural             |
  intern <-            |
                 mindc |     4.684          1    0.0304          .           .         .
                 _cons |    19.613          1    0.0000          .           .         .
  ---------------------+----------------------------------------------------------------
  extern <-            |
                 mindc |     3.349          1    0.0673          .           .         .
                 _cons |     2.652          1    0.1034          .           .         .
  ---------------------+----------------------------------------------------------------
  hostile <-           |
                 mindc |     0.004          1    0.9476          .           .         .
                 _cons |    12.363          1    0.0004          .           .         .
  ---------------------+----------------------------------------------------------------
  benev <-             |
                 mindc |    11.050          1    0.0009          .           .         .
                 _cons |    26.449          1    0.0000          .           .         .
  ---------------------+----------------------------------------------------------------
  warmth <-            |
                intern |     0.436          1    0.5091          .           .         .
                extern |     0.060          1    0.8065          .           .         .
               hostile |     1.930          1    0.1648          .           .         .
                 benev |     0.000          1    0.9954          .           .         .
                 mindc |     0.584          1    0.4448          .           .         .
                 _cons |     0.046          1    0.8294          .           .         .
-----------------------+----------------------------------------------------------------
            mean(mindc)|     0.757          1    0.3843          .           .         .
-----------------------+----------------------------------------------------------------
          var(e.intern)|     5.009          1    0.0252          .           .         .
          var(e.extern)|     0.290          1    0.5899          .           .         .
         var(e.hostile)|     7.557          1    0.0060          .           .         .
           var(e.benev)|     0.290          1    0.5904          .           .         .
          var(e.warmth)|     0.045          1    0.8313          .           .         .
             var(mindc)|     0.292          1    0.5888          .           .         .
-----------------------+----------------------------------------------------------------
 cov(e.intern,e.extern)|     0.285          1    0.5936          .           .         .
cov(e.intern,e.hostile)|     8.515          1    0.0035          .           .         .
  cov(e.intern,e.benev)|     1.761          1    0.1845          .           .         .
cov(e.extern,e.hostile)|     0.154          1    0.6949          .           .         .
  cov(e.extern,e.benev)|     0.001          1    0.9756          .           .         .
 cov(e.hostile,e.benev)|     2.011          1    0.1562          .           .         .
----------------------------------------------------------------------------------------

.                            // Wald  = test of constraining equal if unequal
.                            // Score = test of allowing unequal if equal
. 
. display "STATA Multiple-Group Path Model with Indirect Effects using Regular FIML and Robust Standard Errors"
STATA Multiple-Group Path Model with Indirect Effects using Regular FIML and Robust Standard Errors

. display "Testing Equality of Direct effect XtoM1 by Holding it Equal by Sex with @a"
Testing Equality of Direct effect XtoM1 by Holding it Equal by Sex with @a

. display "Model chi-square gives significance test of 1 new constraint"
Model chi-square gives significance test of 1 new constraint

. sem                                                  ///
>     (intern extern hostile benev warmth <- _cons)    /// All intercepts estimated (by default) 
>     (warmth <- mindc)                                /// X to Y for both groups
>     (0: intern@a extern hostile benev <- mindc)      /// X to M1,M2,M3,M4 for group 0
>          (1: intern@a extern hostile benev <- mindc)      /// X to M1,M2,M3,M4 for group 1
>     (warmth <- intern extern hostile benev),         /// M1,M2,M3,M4 to Y for both groups       
>      means(mindc) var(mindc)                          /// Print X mean and variance (not default)
>      var(e.intern e.extern e.hostile e.benev e.warmth)  /// All possible residual variances (by default)  
>      covstruct(e.intern e.extern e.hostile e.benev, unstructured) /// All residual covariances
>      method(mlmv) vce(robust)               /// Full-information ML with robust SEs (fit is same)
>           group(sexmw) ginvariant(none)           // none= full non-invariance

Endogenous variables

Observed:  intern extern hostile benev warmth

Exogenous variables

Observed:  mindc

Fitting saturated model for group 1:

Iteration 0:   log pseudolikelihood = -2264.6049  
Iteration 1:   log pseudolikelihood = -2264.3741  
Iteration 2:   log pseudolikelihood = -2264.3732  
Iteration 3:   log pseudolikelihood = -2264.3732  

Fitting baseline model for group 1:

Iteration 0:   log pseudolikelihood = -2379.1224  
Iteration 1:   log pseudolikelihood = -2379.1189  
Iteration 2:   log pseudolikelihood = -2379.1189  

Fitting saturated model for group 2:

Iteration 0:   log pseudolikelihood = -3068.1006  
Iteration 1:   log pseudolikelihood =  -3067.835  
Iteration 2:   log pseudolikelihood =  -3067.834  
Iteration 3:   log pseudolikelihood =  -3067.834  

Fitting baseline model for group 2:

Iteration 0:   log pseudolikelihood = -3152.7198  
Iteration 1:   log pseudolikelihood = -3152.7167  
Iteration 2:   log pseudolikelihood = -3152.7167  

Fitting target model:

Iteration 0:   log pseudolikelihood = -5349.2742  
Iteration 1:   log pseudolikelihood = -5335.0857  
Iteration 2:   log pseudolikelihood =  -5334.764  
Iteration 3:   log pseudolikelihood = -5334.7635  

Structural equation model                       Number of obs     =        653
Grouping variable  = sexmw                      Number of groups  =          2
Estimation method  = mlmv
Log pseudolikelihood= -5334.7635

 ( 1)  [intern]0bn.sexmw#c.mindc - [intern]1.sexmw#c.mindc = 0
----------------------------------------------------------------------------------------
                       |               Robust
                       |      Coef.   Std. Err.      z    P>|z|     [95% Conf. Interval]
-----------------------+----------------------------------------------------------------
Structural             |
  intern <-            |
                 mindc |
                   [*] |   .2835369   .1188982     2.38   0.017     .0505007     .516573
                 _cons |
                    0  |   4.676819   .1263893    37.00   0.000       4.4291    4.924537
                    1  |   5.257029   .1198146    43.88   0.000     5.022197    5.491861
  ---------------------+----------------------------------------------------------------
  extern <-            |
                 mindc |
                    0  |   .1522748   .1601219     0.95   0.342    -.1615583    .4661079
                    1  |  -.0468642   .1306507    -0.36   0.720    -.3029348    .2092064
                 _cons |
                    0  |   3.969184    .153953    25.78   0.000     3.667442    4.270926
                    1  |   4.140427   .1229969    33.66   0.000     3.899357    4.381496
  ---------------------+----------------------------------------------------------------
  hostile <-           |
                 mindc |
                    0  |  -.0820911     .11885    -0.69   0.490    -.3150328    .1508506
                    1  |  -.2043888   .0806587    -2.53   0.011     -.362477   -.0463007
                 _cons |
                    0  |   4.260862   .1062636    40.10   0.000      4.05259    4.469135
                    1  |   3.872157   .0768638    50.38   0.000     3.721507    4.022808
  ---------------------+----------------------------------------------------------------
  benev <-             |
                 mindc |
                    0  |  -.3338737   .1105244    -3.02   0.003    -.5504975   -.1172498
                    1  |   .1369199   .0793104     1.73   0.084    -.0185257    .2923654
                 _cons |
                    0  |   4.476188   .0926481    48.31   0.000     4.294601    4.657775
                    1  |   3.849691   .0749773    51.34   0.000     3.702738    3.996644
  ---------------------+----------------------------------------------------------------
  warmth <-            |
                intern |
                    0  |   .5480012   .1069639     5.12   0.000     .3383558    .7576467
                    1  |   .4488747   .1053589     4.26   0.000     .2423751    .6553742
                extern |
                    0  |   .0473828   .1094046     0.43   0.665    -.1670463    .2618119
                    1  |   .0836082   .0995309     0.84   0.401    -.1114689    .2786852
               hostile |
                    0  |  -.8451654   .1550687    -5.45   0.000    -1.149094   -.5412363
                    1  |  -.5347936   .1608367    -3.33   0.001    -.8500277   -.2195595
                 benev |
                    0  |  -.1578276   .1685564    -0.94   0.349    -.4881921    .1725369
                    1  |  -.1591458    .151053    -1.05   0.292    -.4552043    .1369128
                 mindc |
                    0  |   .2131587   .3645783     0.58   0.559    -.5014016     .927719
                    1  |  -.1263696   .2539527    -0.50   0.619    -.6241077    .3713685
                 _cons |
                    0  |   6.814568   1.258668     5.41   0.000     4.347624    9.281511
                    1  |   7.172311   1.082082     6.63   0.000      5.05147    9.293153
-----------------------+----------------------------------------------------------------
            mean(mindc)|
                    0  |   .8168498   .0262172    31.16   0.000      .765465    .8682347
                    1  |   .8471805    .022985    36.86   0.000     .8021306    .8922303
-----------------------+----------------------------------------------------------------
          var(e.intern)|
                    0  |   1.880043   .1478721                      1.611453      2.1934
                    1  |   1.480323   .0896449                      1.314648    1.666876
          var(e.extern)|
                    0  |    1.52481   .1267305                      1.295598    1.794573
                    1  |   1.434373   .1055987                      1.241643     1.65702
         var(e.hostile)|
                    0  |   .7857813   .0759153                      .6502286    .9495926
                    1  |   .5455656   .0428561                      .4677159    .6363731
           var(e.benev)|
                    0  |   .6233407    .059401                      .5171428    .7513468
                    1  |   .5828124   .0460734                      .4991583    .6804861
          var(e.warmth)|
                    0  |   4.124248   .3944126                      3.419339    4.974476
                    1  |   4.230226   .3029902                      3.676175     4.86778
             var(mindc)|
                    0  |   .1873576   .0187075                      .1540563    .2278574
                    1  |   .2004512   .0153813                       .172462     .232983
-----------------------+----------------------------------------------------------------
 cov(e.intern,e.extern)|
                    0  |   .6474773   .1331643     4.86   0.000     .3864801    .9084745
                    1  |   .5585384   .0853731     6.54   0.000     .3912102    .7258666
cov(e.intern,e.hostile)|
                    0  |  -.4804505    .089005    -5.40   0.000    -.6548971   -.3060039
                    1  |  -.1845295   .0473901    -3.89   0.000    -.2774123   -.0916467
  cov(e.intern,e.benev)|
                    0  |   .1081941   .0747253     1.45   0.148    -.0382649    .2546531
                    1  |  -.0117069    .050234    -0.23   0.816    -.1101636    .0867499
cov(e.extern,e.hostile)|
                    0  |   .0559667   .0775296     0.72   0.470    -.0959885    .2079219
                    1  |   .0227264   .0442235     0.51   0.607    -.0639501    .1094028
  cov(e.extern,e.benev)|
                    0  |   .1545239   .0671693     2.30   0.021     .0228745    .2861734
                    1  |   .1566522   .0522957     3.00   0.003     .0541544    .2591499
 cov(e.hostile,e.benev)|
                    0  |   .0355199   .0484656     0.73   0.464    -.0594709    .1305108
                    1  |   .1184639   .0324375     3.65   0.000     .0548875    .1820402
----------------------------------------------------------------------------------------
Note: [*] identifies parameter estimates constrained to be equal across groups.

.      sem, coeflegend                         // Print parameter labels (to use in lincom)

Structural equation model                       Number of obs     =        653
Grouping variable  = sexmw                      Number of groups  =          2
Estimation method  = mlmv
Log pseudolikelihood= -5334.7635

 ( 1)  [intern]0bn.sexmw#c.mindc - [intern]1.sexmw#c.mindc = 0
----------------------------------------------------------------------------------------
                       |      Coef.  Legend
-----------------------+----------------------------------------------------------------
Structural             |
  intern <-            |
                 mindc |
                   [*] |   .2835369  _b[intern:0bn.sexmw#c.mindc]
                 _cons |
                    0  |   4.676819  _b[intern:0bn.sexmw]
                    1  |   5.257029  _b[intern:1.sexmw]
  ---------------------+----------------------------------------------------------------
  extern <-            |
                 mindc |
                    0  |   .1522748  _b[extern:0bn.sexmw#c.mindc]
                    1  |  -.0468642  _b[extern:1.sexmw#c.mindc]
                 _cons |
                    0  |   3.969184  _b[extern:0bn.sexmw]
                    1  |   4.140427  _b[extern:1.sexmw]
  ---------------------+----------------------------------------------------------------
  hostile <-           |
                 mindc |
                    0  |  -.0820911  _b[hostile:0bn.sexmw#c.mindc]
                    1  |  -.2043888  _b[hostile:1.sexmw#c.mindc]
                 _cons |
                    0  |   4.260862  _b[hostile:0bn.sexmw]
                    1  |   3.872157  _b[hostile:1.sexmw]
  ---------------------+----------------------------------------------------------------
  benev <-             |
                 mindc |
                    0  |  -.3338737  _b[benev:0bn.sexmw#c.mindc]
                    1  |   .1369199  _b[benev:1.sexmw#c.mindc]
                 _cons |
                    0  |   4.476188  _b[benev:0bn.sexmw]
                    1  |   3.849691  _b[benev:1.sexmw]
  ---------------------+----------------------------------------------------------------
  warmth <-            |
                intern |
                    0  |   .5480012  _b[warmth:0bn.sexmw#c.intern]
                    1  |   .4488747  _b[warmth:1.sexmw#c.intern]
                extern |
                    0  |   .0473828  _b[warmth:0bn.sexmw#c.extern]
                    1  |   .0836082  _b[warmth:1.sexmw#c.extern]
               hostile |
                    0  |  -.8451654  _b[warmth:0bn.sexmw#c.hostile]
                    1  |  -.5347936  _b[warmth:1.sexmw#c.hostile]
                 benev |
                    0  |  -.1578276  _b[warmth:0bn.sexmw#c.benev]
                    1  |  -.1591458  _b[warmth:1.sexmw#c.benev]
                 mindc |
                    0  |   .2131587  _b[warmth:0bn.sexmw#c.mindc]
                    1  |  -.1263696  _b[warmth:1.sexmw#c.mindc]
                 _cons |
                    0  |   6.814568  _b[warmth:0bn.sexmw]
                    1  |   7.172311  _b[warmth:1.sexmw]
-----------------------+----------------------------------------------------------------
            mean(mindc)|
                    0  |   .8168498  _b[mean(mindc):0bn.sexmw]
                    1  |   .8471805  _b[mean(mindc):1.sexmw]
-----------------------+----------------------------------------------------------------
          var(e.intern)|
                    0  |   1.880043  _b[var(e.intern):0bn.sexmw]
                    1  |   1.480323  _b[var(e.intern):1.sexmw]
          var(e.extern)|
                    0  |    1.52481  _b[var(e.extern):0bn.sexmw]
                    1  |   1.434373  _b[var(e.extern):1.sexmw]
         var(e.hostile)|
                    0  |   .7857813  _b[var(e.hostile):0bn.sexmw]
                    1  |   .5455656  _b[var(e.hostile):1.sexmw]
           var(e.benev)|
                    0  |   .6233407  _b[var(e.benev):0bn.sexmw]
                    1  |   .5828124  _b[var(e.benev):1.sexmw]
          var(e.warmth)|
                    0  |   4.124248  _b[var(e.warmth):0bn.sexmw]
                    1  |   4.230226  _b[var(e.warmth):1.sexmw]
             var(mindc)|
                    0  |   .1873576  _b[var(mindc):0bn.sexmw]
                    1  |   .2004512  _b[var(mindc):1.sexmw]
-----------------------+----------------------------------------------------------------
 cov(e.intern,e.extern)|
                    0  |   .6474773  _b[cov(e.intern,e.extern):0bn.sexmw]
                    1  |   .5585384  _b[cov(e.intern,e.extern):1.sexmw]
cov(e.intern,e.hostile)|
                    0  |  -.4804505  _b[cov(e.intern,e.hostile):0bn.sexmw]
                    1  |  -.1845295  _b[cov(e.intern,e.hostile):1.sexmw]
  cov(e.intern,e.benev)|
                    0  |   .1081941  _b[cov(e.intern,e.benev):0bn.sexmw]
                    1  |  -.0117069  _b[cov(e.intern,e.benev):1.sexmw]
cov(e.extern,e.hostile)|
                    0  |   .0559667  _b[cov(e.extern,e.hostile):0bn.sexmw]
                    1  |   .0227264  _b[cov(e.extern,e.hostile):1.sexmw]
  cov(e.extern,e.benev)|
                    0  |   .1545239  _b[cov(e.extern,e.benev):0bn.sexmw]
                    1  |   .1566522  _b[cov(e.extern,e.benev):1.sexmw]
 cov(e.hostile,e.benev)|
                    0  |   .0355199  _b[cov(e.hostile,e.benev):0bn.sexmw]
                    1  |   .1184639  _b[cov(e.hostile,e.benev):1.sexmw]
----------------------------------------------------------------------------------------
Note: [*] identifies parameter estimates constrained to be equal across groups.

.      sem, standardized                       // Print standardized solution

Structural equation model                       Number of obs     =        653
Grouping variable  = sexmw                      Number of groups  =          2
Estimation method  = mlmv
Log pseudolikelihood= -5334.7635

 ( 1)  [intern]0bn.sexmw#c.mindc - [intern]1.sexmw#c.mindc = 0
----------------------------------------------------------------------------------------
                       |               Robust
          Standardized |      Coef.   Std. Err.      z    P>|z|     [95% Conf. Interval]
-----------------------+----------------------------------------------------------------
Structural             |
  intern <-            |
                 mindc |
                    0  |   .0891515   .0378743     2.35   0.019     .0149192    .1633837
                    1  |   .1037731   .0427838     2.43   0.015     .0199183    .1876278
                 _cons |
                    0  |     3.3973   .1743109    19.49   0.000     3.055657    3.738943
                    1  |   4.297453   .1908137    22.52   0.000     3.923465    4.671441
  ---------------------+----------------------------------------------------------------
  extern <-            |
                 mindc |
                    0  |   .0533013   .0564195     0.94   0.345    -.0572789    .1638816
                    1  |  -.0175165   .0488892    -0.36   0.720    -.1133375    .0783045
                 _cons |
                    0  |   3.209782    .187557    17.11   0.000     2.842178    3.577387
                    1  |   3.456586   .1648146    20.97   0.000     3.133555    3.779617
  ---------------------+----------------------------------------------------------------
  hostile <-           |
                 mindc |
                    0  |  -.0400527   .0576998    -0.69   0.488    -.1531422    .0730367
                    1  |  -.1229505   .0476052    -2.58   0.010    -.2162549   -.0296461
                 _cons |
                    0  |   4.802839    .247752    19.39   0.000     4.317254    5.288424
                    1  |   5.202617   .2256433    23.06   0.000     4.760364     5.64487
  ---------------------+----------------------------------------------------------------
  benev <-             |
                 mindc |
                    0  |  -.1800523   .0552921    -3.26   0.001    -.2884229   -.0716817
                    1  |   .0800407   .0463889     1.73   0.084    -.0108799    .1709612
                 _cons |
                    0  |   5.576854   .2581608    21.60   0.000     5.070868     6.08284
                    1  |   5.026502   .2298422    21.87   0.000      4.57602    5.476985
  ---------------------+----------------------------------------------------------------
  warmth <-            |
                intern |
                    0  |    .313837    .060993     5.15   0.000     .1942929    .4333811
                    1  |   .2491579   .0565667     4.40   0.000     .1382892    .3600267
                extern |
                    0  |   .0243754   .0561242     0.43   0.664    -.0856261    .1343769
                    1  |    .045443   .0541972     0.84   0.402    -.0607816    .1516675
               hostile |
                    0  |  -.3119228   .0575844    -5.42   0.000    -.4247862   -.1990594
                    1  |  -.1806083   .0527035    -3.43   0.001    -.2839052   -.0773114
                 benev |
                    0  |  -.0526997   .0563187    -0.94   0.349    -.1630822    .0576829
                    1  |  -.0553064    .052344    -1.06   0.291    -.1578988     .047286
                 mindc |
                    0  |   .0383835   .0657981     0.58   0.560    -.0905783    .1673453
                    1  |  -.0256724   .0515842    -0.50   0.619    -.1267756    .0754307
                 _cons |
                    0  |   2.834943   .5396573     5.25   0.000     1.777234    3.892651
                    1  |   3.254464   .5044325     6.45   0.000     2.265795    4.243134
-----------------------+----------------------------------------------------------------
            mean(mindc)|
                    0  |   1.887151   .1225183    15.40   0.000     1.647019    2.127282
                    1  |    1.89222   .0955526    19.80   0.000      1.70494    2.079499
-----------------------+----------------------------------------------------------------
          var(e.intern)|
                    0  |    .992052   .0067531                      .9789041    1.005377
                    1  |   .9892312   .0088796                      .9719796    1.006789
          var(e.extern)|
                    0  |    .997159   .0060145                      .9854402    1.009017
                    1  |   .9996932   .0017127                      .9963419    1.003056
         var(e.hostile)|
                    0  |   .9983958   .0046221                      .9893777    1.007496
                    1  |   .9848832   .0117062                      .9622047    1.008096
           var(e.benev)|
                    0  |   .9675812    .019911                      .9293329    1.007404
                    1  |   .9935935    .007426                      .9791449    1.008255
          var(e.warmth)|
                    0  |   .7137673   .0501912                      .6218725    .8192416
                    1  |   .8709722   .0341088                      .8066215    .9404566
             var(mindc)|
                    0  |          1          .                             .           .
                    1  |          1          .                             .           .
-----------------------+----------------------------------------------------------------
 cov(e.intern,e.extern)|
                    0  |   .3824132   .0642022     5.96   0.000     .2565792    .5082471
                    1  |   .3833044    .047965     7.99   0.000     .2892946    .4773141
cov(e.intern,e.hostile)|
                    0  |  -.3952883   .0571802    -6.91   0.000    -.5073595   -.2832172
                    1  |  -.2053355   .0498267    -4.12   0.000     -.302994    -.107677
  cov(e.intern,e.benev)|
                    0  |   .0999441   .0678311     1.47   0.141    -.0330025    .2328907
                    1  |  -.0126037   .0541346    -0.23   0.816    -.1187056    .0934981
cov(e.extern,e.hostile)|
                    0  |   .0511294   .0710372     0.72   0.472    -.0881009    .1903598
                    1  |   .0256907   .0499176     0.51   0.607     -.072146    .1235273
  cov(e.extern,e.benev)|
                    0  |   .1584985   .0679511     2.33   0.020     .0253168    .2916803
                    1  |    .171333    .053449     3.21   0.001     .0665748    .2760911
 cov(e.hostile,e.benev)|
                    0  |   .0507526   .0690146     0.74   0.462    -.0845135    .1860188
                    1  |   .2100864   .0543214     3.87   0.000     .1036184    .3165545
----------------------------------------------------------------------------------------

.      estat gof, stats(all)                   // Print model fit statistics

----------------------------------------------------------------------------
Fit statistic        |      Value   Description
---------------------+------------------------------------------------------
Size of residuals    |
                  CD |      0.043   Coefficient of determination
----------------------------------------------------------------------------
Note: model was fit with vce(robust); only stats(residuals) valid.
Note: SRMR is not reported because of missing values.

.      display "LL for H1 Saturated Model= " e(critvalue_s)
LL for H1 Saturated Model= -5332.2072

.      display "# of Estimated parameters= " e(df_m)
# of Estimated parameters= 53

.      estat eqgof                             // Print R2 per variable
Group #1 (sexmw=0; N=273) 


Equation-level goodness of fit

------------------------------------------------------------------------------
             |             Variance            |
     depvars |    fitted  predicted   residual | R-squared        mc      mc2
-------------+---------------------------------+------------------------------
observed     |                                 |
      intern |  1.895105   .0150623   1.880043 |   .007948  .0891515   .007948
      extern |  1.529154   .0043444    1.52481 |   .002841  .0533013   .002841
     hostile |  .7870439   .0012626   .7857813 |  .0016042  .0400527  .0016042
       benev |  .6442257   .0208851   .6233407 |  .0324188  .1800523  .0324188
      warmth |   5.77814   1.653892   4.124248 |  .2862327  .5350072  .2862327
-------------+---------------------------------+------------------------------
     overall |                                 |  .0471378
------------------------------------------------------------------------------
mc  = correlation between depvar and its prediction
mc2 = mc^2 is the Bentler-Raykov squared multiple correlation coefficient

Group #2 (sexmw=1; N=380) 


Equation-level goodness of fit

------------------------------------------------------------------------------
             |             Variance            |
     depvars |    fitted  predicted   residual | R-squared        mc      mc2
-------------+---------------------------------+------------------------------
observed     |                                 |
      intern |  1.496437   .0161149   1.480323 |  .0107688  .1037731  .0107688
      extern |  1.434813   .0004402   1.434373 |  .0003068  .0175165  .0003068
     hostile |  .5539394   .0083738   .5455656 |  .0151168  .1229505  .0151168
       benev |  .5865702   .0037579   .5828124 |  .0064065  .0800407  .0064065
      warmth |  4.856901   .6266755   4.230226 |  .1290278  .3592045  .1290278
-------------+---------------------------------+------------------------------
     overall |                                 |   .037308
------------------------------------------------------------------------------
mc  = correlation between depvar and its prediction
mc2 = mc^2 is the Bentler-Raykov squared multiple correlation coefficient

.      estat ginvariant      // Wald or Score test for each parm's invariance

Tests for group invariance of parameters

----------------------------------------------------------------------------------------
                       |            Wald Test                       Score Test
                       |      chi2         df    p>chi2       chi2          df    p>chi2
-----------------------+----------------------------------------------------------------
Structural             |
  intern <-            |
                 mindc |         .          .         .      4.737           1    0.0295
                 _cons |    31.067          1    0.0000          .           .         .
  ---------------------+----------------------------------------------------------------
  extern <-            |
                 mindc |     1.014          1    0.3140          .           .         .
                 _cons |     0.803          1    0.3702          .           .         .
  ---------------------+----------------------------------------------------------------
  hostile <-           |
                 mindc |     0.751          1    0.3862          .           .         .
                 _cons |     8.994          1    0.0027          .           .         .
  ---------------------+----------------------------------------------------------------
  benev <-             |
                 mindc |    12.000          1    0.0005          .           .         .
                 _cons |    27.650          1    0.0000          .           .         .
  ---------------------+----------------------------------------------------------------
  warmth <-            |
                intern |     0.436          1    0.5091          .           .         .
                extern |     0.060          1    0.8065          .           .         .
               hostile |     1.930          1    0.1648          .           .         .
                 benev |     0.000          1    0.9954          .           .         .
                 mindc |     0.584          1    0.4448          .           .         .
                 _cons |     0.046          1    0.8294          .           .         .
-----------------------+----------------------------------------------------------------
            mean(mindc)|     0.757          1    0.3843          .           .         .
-----------------------+----------------------------------------------------------------
          var(e.intern)|     5.326          1    0.0210          .           .         .
          var(e.extern)|     0.300          1    0.5837          .           .         .
         var(e.hostile)|     7.592          1    0.0059          .           .         .
           var(e.benev)|     0.291          1    0.5898          .           .         .
          var(e.warmth)|     0.045          1    0.8313          .           .         .
             var(mindc)|     0.292          1    0.5888          .           .         .
-----------------------+----------------------------------------------------------------
 cov(e.intern,e.extern)|     0.316          1    0.5742          .           .         .
cov(e.intern,e.hostile)|     8.626          1    0.0033          .           .         .
  cov(e.intern,e.benev)|     1.774          1    0.1829          .           .         .
cov(e.extern,e.hostile)|     0.139          1    0.7096          .           .         .
  cov(e.extern,e.benev)|     0.001          1    0.9801          .           .         .
 cov(e.hostile,e.benev)|     2.023          1    0.1549          .           .         .
----------------------------------------------------------------------------------------

.                            // Wald  = test of constraining equal if unequal
.                            // Score = test of allowing unequal if equal
.          
. // Close external file of saved results
.    log close Example6a
      name:  Example6a
       log:  C:\Dropbox\23_PSQF6270\PSQF6270_Example6a\PSQF6270_Example6a_STATA_Output.log
  log type:  text
 closed on:  24 Apr 2023, 09:20:30
------------------------------------------------------------------------------------------------------------------------------------------------------
